#
# There is insufficient memory for the Java Runtime Environment to continue.
# Native memory allocation (mmap) failed to map 266338304 bytes for Failed to commit area from 0x0000000702c00000 to 0x0000000712a00000 of length 266338304.
# Possible reasons:
#   The system is out of physical RAM or swap space
#   The process is running with CompressedOops enabled, and the Java Heap may be blocking the growth of the native heap
# Possible solutions:
#   Reduce memory load on the system
#   Increase physical memory or swap space
#   Check if swap backing store is full
#   Decrease Java heap size (-Xmx/-Xms)
#   Decrease number of Java threads
#   Decrease Java thread stack sizes (-Xss)
#   Set larger code cache with -XX:ReservedCodeCacheSize=
# This output file may be truncated or incomplete.
#
#  Out of Memory Error (src/hotspot/os/windows/os_windows.cpp:3627), pid=15288, tid=8924
#
# JRE version:  (11.0.15) (build )
# Java VM: OpenJDK 64-Bit Server VM (11.0.15+0-b2043.56-8887301, mixed mode, sharing, tiered, compressed oops, g1 gc, windows-amd64)
# No core dump will be written. Minidumps are not enabled by default on client versions of Windows
#

---------------  S U M M A R Y ------------

Command Line: 

Host: Intel(R) Core(TM) i7-10750H CPU @ 2.60GHz, 12 cores, 15G,  Windows 11 , 64 bit Build 22621 (10.0.22621.2428)
Time: Fri Nov  3 19:40:10 2023 Malay Peninsula Standard Time elapsed time: 0.019351 seconds (0d 0h 0m 0s)

---------------  T H R E A D  ---------------

Current thread (0x000001508fbb1800):  JavaThread "Unknown thread" [_thread_in_vm, id=8924, stack(0x000000290a500000,0x000000290a600000)]

Stack: [0x000000290a500000,0x000000290a600000]
Native frames: (J=compiled Java code, j=interpreted, Vv=VM code, C=native code)
V  [jvm.dll+0x64135a]
V  [jvm.dll+0x7d39f9]
V  [jvm.dll+0x7d51b9]
V  [jvm.dll+0x7d58a3]
V  [jvm.dll+0x2691c5]
V  [jvm.dll+0x63e4e9]
V  [jvm.dll+0x632985]
V  [jvm.dll+0x3231ac]
V  [jvm.dll+0x323032]
V  [jvm.dll+0x327c06]
V  [jvm.dll+0x36ffa2]
V  [jvm.dll+0x36fa01]
V  [jvm.dll+0x2fea28]
V  [jvm.dll+0x2ffb25]
V  [jvm.dll+0x7accd7]
V  [jvm.dll+0x7ae49f]
V  [jvm.dll+0x37d299]
V  [jvm.dll+0x78ef9f]
V  [jvm.dll+0x3ec847]
V  [jvm.dll+0x3eed31]
C  [jli.dll+0x52cb]
C  [ucrtbase.dll+0x29363]
C  [KERNEL32.DLL+0x1257d]
C  [ntdll.dll+0x5aa78]


---------------  P R O C E S S  ---------------

Threads class SMR info:
_java_thread_list=0x000001508d925fd0, length=0, elements={
}

Java Threads: ( => current thread )

Other Threads:
  0x000001508fbca000 GCTaskThread "GC Thread#0" [stack: 0x000000290a600000,0x000000290a700000] [id=28540]
  0x000001508fc28800 ConcurrentGCThread "G1 Main Marker" [stack: 0x000000290a700000,0x000000290a800000] [id=2516]
  0x000001508fc2a000 ConcurrentGCThread "G1 Conc#0" [stack: 0x000000290a800000,0x000000290a900000] [id=20120]

[error occurred during error reporting (printing all threads), id 0xc0000005, EXCEPTION_ACCESS_VIOLATION (0xc0000005) at pc=0x00007ffae29df3e7]

VM state:not at safepoint (not fully initialized)

VM Mutex/Monitor currently owned by a thread:  ([mutex/lock_event])
[0x000001508fbad290] Heap_lock - owner thread: 0x000001508fbb1800

Heap address: 0x0000000702c00000, size: 4052 MB, Compressed Oops mode: Non-zero based: 0x0000000702c00000
Narrow klass base: 0x0000000000000000, Narrow klass shift: 0

GC Heap History (0 events):
No events

Deoptimization events (0 events):
No events

Classes redefined (0 events):
No events

Internal exceptions (0 events):
No events

Events (1 events):
Event: 0.013 Loaded shared library C:\Program Files\Android\Android Studio\jbr\bin\zip.dll


Dynamic libraries:
0x00007ff6cc600000 - 0x00007ff6cc60a000 	C:\Program Files\Android\Android Studio\jbr\bin\java.EXE
0x00007ffb478f0000 - 0x00007ffb47b07000 	C:\WINDOWS\SYSTEM32\ntdll.dll
0x00007ffb46470000 - 0x00007ffb46534000 	C:\WINDOWS\System32\KERNEL32.DLL
0x00007ffb44f20000 - 0x00007ffb452c6000 	C:\WINDOWS\System32\KERNELBASE.dll
0x00007ffb44c70000 - 0x00007ffb44d81000 	C:\WINDOWS\System32\ucrtbase.dll
0x00007ffb32880000 - 0x00007ffb3289b000 	C:\Program Files\Android\Android Studio\jbr\bin\VCRUNTIME140.dll
0x00007ffb341d0000 - 0x00007ffb341e7000 	C:\Program Files\Android\Android Studio\jbr\bin\jli.dll
0x00007ffb470b0000 - 0x00007ffb4725d000 	C:\WINDOWS\System32\USER32.dll
0x00007ffb44d90000 - 0x00007ffb44db6000 	C:\WINDOWS\System32\win32u.dll
0x00007ffb27390000 - 0x00007ffb27623000 	C:\WINDOWS\WinSxS\amd64_microsoft.windows.common-controls_6595b64144ccf1df_6.0.22621.2361_none_2712ced57382f843\COMCTL32.dll
0x00007ffb45b80000 - 0x00007ffb45ba9000 	C:\WINDOWS\System32\GDI32.dll
0x00007ffb46dc0000 - 0x00007ffb46e67000 	C:\WINDOWS\System32\msvcrt.dll
0x00007ffb454b0000 - 0x00007ffb455c8000 	C:\WINDOWS\System32\gdi32full.dll
0x00007ffb44dc0000 - 0x00007ffb44e5a000 	C:\WINDOWS\System32\msvcp_win.dll
0x00007ffb45860000 - 0x00007ffb45891000 	C:\WINDOWS\System32\IMM32.DLL
0x00007ffb1e190000 - 0x00007ffb1e21d000 	C:\Program Files\Android\Android Studio\jbr\bin\msvcp140.dll
0x00007ffb31130000 - 0x00007ffb3113c000 	C:\WINDOWS\SYSTEM32\VCRUNTIME140_1.dll
0x00007ffae26d0000 - 0x00007ffae328c000 	C:\Program Files\Android\Android Studio\jbr\bin\server\jvm.dll
0x00007ffb45930000 - 0x00007ffb459e0000 	C:\WINDOWS\System32\ADVAPI32.dll
0x00007ffb46d10000 - 0x00007ffb46db6000 	C:\WINDOWS\System32\sechost.dll
0x00007ffb46e80000 - 0x00007ffb46f97000 	C:\WINDOWS\System32\RPCRT4.dll
0x00007ffb45920000 - 0x00007ffb45928000 	C:\WINDOWS\System32\PSAPI.DLL
0x00007ffb31f20000 - 0x00007ffb31f54000 	C:\WINDOWS\SYSTEM32\WINMM.dll
0x00007ffb3df20000 - 0x00007ffb3df2a000 	C:\WINDOWS\SYSTEM32\VERSION.dll
0x00007ffb2c1f0000 - 0x00007ffb2c1f9000 	C:\WINDOWS\SYSTEM32\WSOCK32.dll
0x00007ffb45650000 - 0x00007ffb456c1000 	C:\WINDOWS\System32\WS2_32.dll
0x00007ffb43d00000 - 0x00007ffb43d18000 	C:\WINDOWS\SYSTEM32\kernel.appcore.dll
0x00007ffb3ff80000 - 0x00007ffb3ff90000 	C:\Program Files\Android\Android Studio\jbr\bin\verify.dll
0x00007ffb303b0000 - 0x00007ffb305de000 	C:\WINDOWS\SYSTEM32\DBGHELP.DLL
0x00007ffb47360000 - 0x00007ffb476ea000 	C:\WINDOWS\System32\combase.dll
0x00007ffb45780000 - 0x00007ffb45857000 	C:\WINDOWS\System32\OLEAUT32.dll
0x00007ffb2cf10000 - 0x00007ffb2cf42000 	C:\WINDOWS\SYSTEM32\dbgcore.DLL
0x00007ffb455d0000 - 0x00007ffb4564a000 	C:\WINDOWS\System32\bcryptPrimitives.dll
0x00007ffb1deb0000 - 0x00007ffb1ded8000 	C:\Program Files\Android\Android Studio\jbr\bin\java.dll
0x00007ffb338c0000 - 0x00007ffb338ca000 	C:\Program Files\Android\Android Studio\jbr\bin\jimage.dll
0x00007ffb32860000 - 0x00007ffb32878000 	C:\Program Files\Android\Android Studio\jbr\bin\zip.dll

dbghelp: loaded successfully - version: 4.0.5 - missing functions: none
symbol engine: initialized successfully - sym options: 0x614 - pdb path: .;C:\Program Files\Android\Android Studio\jbr\bin;C:\WINDOWS\SYSTEM32;C:\WINDOWS\WinSxS\amd64_microsoft.windows.common-controls_6595b64144ccf1df_6.0.22621.2361_none_2712ced57382f843;C:\Program Files\Android\Android Studio\jbr\bin\server

VM Arguments:
java_command: <unknown>
java_class_path (initial): <not set>
Launcher Type: SUN_STANDARD

[Global flags]
     intx CICompilerCount                          = 4                                         {product} {ergonomic}
     uint ConcGCThreads                            = 3                                         {product} {ergonomic}
     uint G1ConcRefinementThreads                  = 10                                        {product} {ergonomic}
   size_t G1HeapRegionSize                         = 1048576                                   {product} {ergonomic}
    uintx GCDrainStackTargetSize                   = 64                                        {product} {ergonomic}
   size_t InitialHeapSize                          = 266338304                                 {product} {ergonomic}
   size_t MarkStackSize                            = 4194304                                   {product} {ergonomic}
   size_t MaxHeapSize                              = 4248829952                                {product} {ergonomic}
   size_t MinHeapDeltaBytes                        = 1048576                                   {product} {ergonomic}
    uintx NonNMethodCodeHeapSize                   = 5836300                                {pd product} {ergonomic}
    uintx NonProfiledCodeHeapSize                  = 122910970                              {pd product} {ergonomic}
    uintx ProfiledCodeHeapSize                     = 122910970                              {pd product} {ergonomic}
    uintx ReservedCodeCacheSize                    = 251658240                              {pd product} {ergonomic}
     bool SegmentedCodeCache                       = true                                      {product} {ergonomic}
     bool UseCompressedClassPointers               = true                                 {lp64_product} {ergonomic}
     bool UseCompressedOops                        = true                                 {lp64_product} {ergonomic}
     bool UseG1GC                                  = true                                      {product} {ergonomic}
     bool UseLargePagesIndividualAllocation        = false                                  {pd product} {ergonomic}

Logging:
Log output configuration:
 #0: stdout all=warning uptime,level,tags
 #1: stderr all=off uptime,level,tags

Environment Variables:
JAVA_HOME=C:\Program Files\Java\jdk-18.0.1
PATH=C:\Program Files (x86)\VMware\VMware Player\bin\;C:\Program Files\Common Files\Oracle\Java\javapath;C:\Program Files (x86)\Common Files\Intel\Shared Libraries\redist\intel64\compiler;C:\ProgramData\Oracle\Java\javapath;C:\Windows\system32;C:\Windows;C:\Windows\System32\Wbem;C:\Windows\System32\WindowsPowerShell\v1.0\;C:\Windows\System32\OpenSSH\;C:\Program Files (x86)\NVIDIA Corporation\PhysX\Common;C:\Program Files\NVIDIA Corporation\NVIDIA NvDLISR;C:\WINDOWS\system32;C:\WINDOWS;C:\WINDOWS\System32\Wbem;C:\WINDOWS\System32\WindowsPowerShell\v1.0\;C:\WINDOWS\System32\OpenSSH\;C:\Program Files\Microsoft SQL Server\150\Tools\Binn\;C:\Program Files (x86)\Calibre2\;C:\Program Files\Microsoft SQL Server\Client SDK\ODBC\170\Tools\Binn\;C:\Program Files (x86)\Microsoft SQL Server\150\Tools\Binn\;C:\Program Files\Microsoft SQL Server\150\DTS\Binn\;C:\Program Files (x86)\Microsoft SQL Server\150\DTS\Binn\;C:\Program Files\Azure Data Studio\bin;C:\Program Files\PuTTY\;C:\WINDOWS\system32;C:\WINDOWS;C:\WINDOWS\System32\Wbem;C:\WINDOWS\System32\WindowsPowerShell\v1.0\;C:\WINDOWS\System32\OpenSSH\;C:\Program Files\nodejs\;C:\Program Files\Git\cmd;C:\Users\INTEL\AppData\Local\Pub\Cache\bin;C:\Program Files\dotnet\;C:\src\flutter\bin;C:\Users\INTEL\AppData\Local\Programs\Python\Python310\Scripts\;C:\Users\INTEL\AppData\Local\Programs\Python\Python310\;C:\Users\INTEL\AppData\Local\Microsoft\WindowsApps;D:\Microsoft VS Code\bin;C:\Program Files\Azure Data Studio\bin;D:\xampp\php;C:\Users\INTEL\AppData\Local\ComposerSetup\bin;C:\Users\INTEL\AppData\Roaming\Composer\vendor\bin;C:\Users\INTEL\AppData\Roaming\npm;C:\Users\INTEL\AppData\Local\Pub\Cache\bin;;C:\src\flutter\bin\mingit\cmd;C:\src\flutter\bin\mingit\cmd
USERNAME=INTEL
OS=Windows_NT
PROCESSOR_IDENTIFIER=Intel64 Family 6 Model 165 Stepping 2, GenuineIntel



---------------  S Y S T E M  ---------------

OS: Windows 11 , 64 bit Build 22621 (10.0.22621.2428)
OS uptime: 7 days 0:24 hours
Hyper-V role detected

CPU:total 12 (initial active 12) (6 cores per cpu, 2 threads per core) family 6 model 165 stepping 2 microcode 0xe2, cmov, cx8, fxsr, mmx, sse, sse2, sse3, ssse3, sse4.1, sse4.2, popcnt, avx, avx2, aes, clmul, erms, 3dnowpref, lzcnt, ht, tsc, tscinvbit, bmi1, bmi2, adx, fma

Memory: 4k page, system-wide physical 16205M (1136M free)
TotalPageFile size 26445M (AvailPageFile size 152M)
current process WorkingSet (physical memory assigned to process): 11M, peak: 11M
current process commit charge ("private bytes"): 64M, peak: 318M

vm_info: OpenJDK 64-Bit Server VM (11.0.15+0-b2043.56-8887301) for windows-amd64 JRE (11.0.15+0-b2043.56-8887301), built on Jul 29 2022 23:19:47 by "builduser" with unknown MS VC++:1929

END.
