#
# There is insufficient memory for the Java Runtime Environment to continue.
# Native memory allocation (malloc) failed to allocate 32744 bytes for ChunkPool::allocate
# Possible reasons:
#   The system is out of physical RAM or swap space
#   The process is running with CompressedOops enabled, and the Java Heap may be blocking the growth of the native heap
# Possible solutions:
#   Reduce memory load on the system
#   Increase physical memory or swap space
#   Check if swap backing store is full
#   Decrease Java heap size (-Xmx/-Xms)
#   Decrease number of Java threads
#   Decrease Java thread stack sizes (-Xss)
#   Set larger code cache with -XX:ReservedCodeCacheSize=
#   JVM is running with Zero Based Compressed Oops mode in which the Java heap is
#     placed in the first 32GB address space. The Java Heap base address is the
#     maximum limit for the native heap growth. Please use -XX:HeapBaseMinAddress
#     to set the Java Heap base and to place the Java Heap above 32GB virtual address.
# This output file may be truncated or incomplete.
#
#  Out of Memory Error (src/hotspot/share/memory/arena.cpp:81), pid=25956, tid=17964
#
# JRE version: OpenJDK Runtime Environment (11.0.15) (build 11.0.15+0-b2043.56-8887301)
# Java VM: OpenJDK 64-Bit Server VM (11.0.15+0-b2043.56-8887301, mixed mode, tiered, compressed oops, g1 gc, windows-amd64)
# No core dump will be written. Minidumps are not enabled by default on client versions of Windows
#

---------------  S U M M A R Y ------------

Command Line: -Dorg.gradle.appname=gradlew org.gradle.wrapper.GradleWrapperMain -q -Ptarget-platform=android-x86 -Ptarget=D:\Flutter-Firebase-Series-main\lib\main.dart -Pbase-application-name=android.app.Application -Pdart-defines=RkxVVFRFUl9XRUJfQVVUT19ERVRFQ1Q9dHJ1ZQ==,RkxVVFRFUl9XRUJfQ0FOVkFTS0lUX1VSTD1odHRwczovL3d3dy5nc3RhdGljLmNvbS9mbHV0dGVyLWNhbnZhc2tpdC83NjdkOGM3NWU4OTgwOTFiOTI1NTE5ODAzODMwZmMyNzIxNjU4ZDA3Lw== -Pdart-obfuscation=false -Ptrack-widget-creation=true -Ptree-shake-icons=false -Pfilesystem-scheme=org-dartlang-root assembleDebug

Host: Intel(R) Core(TM) i7-10750H CPU @ 2.60GHz, 12 cores, 15G,  Windows 11 , 64 bit Build 22621 (10.0.22621.2428)
Time: Fri Nov  3 12:50:00 2023 Malay Peninsula Standard Time elapsed time: 8.290771 seconds (0d 0h 0m 8s)

---------------  T H R E A D  ---------------

Current thread (0x0000020d09f6d000):  JavaThread "C2 CompilerThread0" daemon [_thread_in_native, id=17964, stack(0x0000009f4f400000,0x0000009f4f500000)]


Current CompileTask:
C2:   8290 1286       4       java.util.ArrayList::add (25 bytes)

Stack: [0x0000009f4f400000,0x0000009f4f500000]
Native frames: (J=compiled Java code, j=interpreted, Vv=VM code, C=native code)
V  [jvm.dll+0x64135a]
V  [jvm.dll+0x7d39f9]
V  [jvm.dll+0x7d51b9]
V  [jvm.dll+0x7d58a3]
V  [jvm.dll+0x2691c5]
V  [jvm.dll+0xc1cbf]
V  [jvm.dll+0xc200c]
V  [jvm.dll+0x78817]
V  [jvm.dll+0x5ccd91]
V  [jvm.dll+0x5cd0a1]
V  [jvm.dll+0x5ccd36]
V  [jvm.dll+0x5d1b18]
V  [jvm.dll+0x5d21aa]
V  [jvm.dll+0x5d0ee7]
V  [jvm.dll+0x221347]
V  [jvm.dll+0x220498]
V  [jvm.dll+0x19e851]
V  [jvm.dll+0x230479]
V  [jvm.dll+0x22e5ef]
V  [jvm.dll+0x794de1]
V  [jvm.dll+0x78dc24]
V  [jvm.dll+0x6400f6]
C  [ucrtbase.dll+0x29363]
C  [KERNEL32.DLL+0x1257d]
C  [ntdll.dll+0x5aa78]


---------------  P R O C E S S  ---------------

Threads class SMR info:
_java_thread_list=0x0000020d0ae38cd0, length=13, elements={
0x0000020d6a1b5800, 0x0000020d7f79a800, 0x0000020d7f79e000, 0x0000020d09f64800,
0x0000020d09f66800, 0x0000020d09f68000, 0x0000020d09f6d000, 0x0000020d09fbb800,
0x0000020d09fbc000, 0x0000020d0a136800, 0x0000020d0b21c800, 0x0000020d0af2e800,
0x0000020d0b0ce800
}

Java Threads: ( => current thread )
  0x0000020d6a1b5800 JavaThread "main" [_thread_in_native, id=27968, stack(0x0000009f4e800000,0x0000009f4e900000)]
  0x0000020d7f79a800 JavaThread "Reference Handler" daemon [_thread_blocked, id=9336, stack(0x0000009f4ef00000,0x0000009f4f000000)]
  0x0000020d7f79e000 JavaThread "Finalizer" daemon [_thread_blocked, id=18092, stack(0x0000009f4f000000,0x0000009f4f100000)]
  0x0000020d09f64800 JavaThread "Signal Dispatcher" daemon [_thread_blocked, id=1600, stack(0x0000009f4f100000,0x0000009f4f200000)]
  0x0000020d09f66800 JavaThread "Attach Listener" daemon [_thread_blocked, id=14168, stack(0x0000009f4f200000,0x0000009f4f300000)]
  0x0000020d09f68000 JavaThread "Service Thread" daemon [_thread_blocked, id=17436, stack(0x0000009f4f300000,0x0000009f4f400000)]
=>0x0000020d09f6d000 JavaThread "C2 CompilerThread0" daemon [_thread_in_native, id=17964, stack(0x0000009f4f400000,0x0000009f4f500000)]
  0x0000020d09fbb800 JavaThread "C1 CompilerThread0" daemon [_thread_blocked, id=18008, stack(0x0000009f4f500000,0x0000009f4f600000)]
  0x0000020d09fbc000 JavaThread "Sweeper thread" daemon [_thread_blocked, id=22568, stack(0x0000009f4f600000,0x0000009f4f700000)]
  0x0000020d0a136800 JavaThread "Common-Cleaner" daemon [_thread_blocked, id=22816, stack(0x0000009f4f800000,0x0000009f4f900000)]
  0x0000020d0b21c800 JavaThread "pool-1-thread-1" [_thread_in_native, id=21436, stack(0x0000009f4ff00000,0x0000009f50000000)]
  0x0000020d0af2e800 JavaThread "DisconnectableInputStream source reader" daemon [_thread_in_native, id=16836, stack(0x0000009f50000000,0x0000009f50100000)]
  0x0000020d0b0ce800 JavaThread "Forward input" [_thread_blocked, id=15892, stack(0x0000009f50100000,0x0000009f50200000)]

Other Threads:
  0x0000020d7f798000 VMThread "VM Thread" [stack: 0x0000009f4ee00000,0x0000009f4ef00000] [id=26048]
  0x0000020d0a132000 WatcherThread [stack: 0x0000009f4f700000,0x0000009f4f800000] [id=11776]
  0x0000020d6a1d0000 GCTaskThread "GC Thread#0" [stack: 0x0000009f4e900000,0x0000009f4ea00000] [id=22212]
  0x0000020d0ad2b800 GCTaskThread "GC Thread#1" [stack: 0x0000009f4fa00000,0x0000009f4fb00000] [id=27400]
  0x0000020d0ad2c800 GCTaskThread "GC Thread#2" [stack: 0x0000009f4fb00000,0x0000009f4fc00000] [id=18196]
  0x0000020d0ad1d000 GCTaskThread "GC Thread#3" [stack: 0x0000009f4fc00000,0x0000009f4fd00000] [id=23220]
  0x0000020d0b05c000 GCTaskThread "GC Thread#4" [stack: 0x0000009f4fd00000,0x0000009f4fe00000] [id=25816]
  0x0000020d0b05c800 GCTaskThread "GC Thread#5" [stack: 0x0000009f4fe00000,0x0000009f4ff00000] [id=22584]
  0x0000020d6a22e800 ConcurrentGCThread "G1 Main Marker" [stack: 0x0000009f4ea00000,0x0000009f4eb00000] [id=15456]
  0x0000020d6a231000 ConcurrentGCThread "G1 Conc#0" [stack: 0x0000009f4eb00000,0x0000009f4ec00000] [id=11984]
  0x0000020d7f684800 ConcurrentGCThread "G1 Refine#0" [stack: 0x0000009f4ec00000,0x0000009f4ed00000] [id=23228]
  0x0000020d7f685800 ConcurrentGCThread "G1 Young RemSet Sampling" [stack: 0x0000009f4ed00000,0x0000009f4ee00000] [id=14848]

Threads with active compile tasks:
C2 CompilerThread0     8545 1286       4       java.util.ArrayList::add (25 bytes)

VM state:not at safepoint (normal execution)

VM Mutex/Monitor currently owned by a thread: None

Heap address: 0x0000000702c00000, size: 4052 MB, Compressed Oops mode: Zero based, Oop shift amount: 3
Narrow klass base: 0x0000000800000000, Narrow klass shift: 0
Compressed class space size: 1073741824 Address: 0x0000000800000000

Heap:
 garbage-first heap   total 260096K, used 27766K [0x0000000702c00000, 0x0000000800000000)
  region size 1024K, 22 young (22528K), 3 survivors (3072K)
 Metaspace       used 15450K, capacity 15761K, committed 16000K, reserved 1062912K
  class space    used 1755K, capacity 1872K, committed 1920K, reserved 1048576K
Heap Regions: E=young(eden), S=young(survivor), O=old, HS=humongous(starts), HC=humongous(continues), CS=collection set, F=free, A=archive, TAMS=top-at-mark-start (previous, next)
|   0|0x0000000702c00000, 0x0000000702c00000, 0x0000000702d00000|  0%| F|  |TAMS 0x0000000702c00000, 0x0000000702c00000| Untracked 
|   1|0x0000000702d00000, 0x0000000702d00000, 0x0000000702e00000|  0%| F|  |TAMS 0x0000000702d00000, 0x0000000702d00000| Untracked 
|   2|0x0000000702e00000, 0x0000000702e00000, 0x0000000702f00000|  0%| F|  |TAMS 0x0000000702e00000, 0x0000000702e00000| Untracked 
|   3|0x0000000702f00000, 0x0000000703000000, 0x0000000703000000|100%|HS|  |TAMS 0x0000000702f00000, 0x0000000702f00000| Complete 
|   4|0x0000000703000000, 0x0000000703100000, 0x0000000703100000|100%|HC|  |TAMS 0x0000000703000000, 0x0000000703000000| Complete 
|   5|0x0000000703100000, 0x0000000703200000, 0x0000000703200000|100%|HC|  |TAMS 0x0000000703100000, 0x0000000703100000| Complete 
|   6|0x0000000703200000, 0x0000000703300000, 0x0000000703300000|100%| O|  |TAMS 0x0000000703200000, 0x0000000703200000| Untracked 
|   7|0x0000000703300000, 0x0000000703400000, 0x0000000703400000|100%| O|  |TAMS 0x0000000703300000, 0x0000000703300000| Untracked 
|   8|0x0000000703400000, 0x0000000703500000, 0x0000000703500000|100%| O|  |TAMS 0x0000000703400000, 0x0000000703400000| Untracked 
|   9|0x0000000703500000, 0x000000070351da00, 0x0000000703600000| 11%| O|  |TAMS 0x0000000703500000, 0x0000000703500000| Untracked 
|  10|0x0000000703600000, 0x0000000703600000, 0x0000000703700000|  0%| F|  |TAMS 0x0000000703600000, 0x0000000703600000| Untracked 
|  11|0x0000000703700000, 0x0000000703700000, 0x0000000703800000|  0%| F|  |TAMS 0x0000000703700000, 0x0000000703700000| Untracked 
|  12|0x0000000703800000, 0x0000000703800000, 0x0000000703900000|  0%| F|  |TAMS 0x0000000703800000, 0x0000000703800000| Untracked 
|  13|0x0000000703900000, 0x0000000703900000, 0x0000000703a00000|  0%| F|  |TAMS 0x0000000703900000, 0x0000000703900000| Untracked 
|  14|0x0000000703a00000, 0x0000000703a00000, 0x0000000703b00000|  0%| F|  |TAMS 0x0000000703a00000, 0x0000000703a00000| Untracked 
|  15|0x0000000703b00000, 0x0000000703b00000, 0x0000000703c00000|  0%| F|  |TAMS 0x0000000703b00000, 0x0000000703b00000| Untracked 
|  16|0x0000000703c00000, 0x0000000703c00000, 0x0000000703d00000|  0%| F|  |TAMS 0x0000000703c00000, 0x0000000703c00000| Untracked 
|  17|0x0000000703d00000, 0x0000000703d00000, 0x0000000703e00000|  0%| F|  |TAMS 0x0000000703d00000, 0x0000000703d00000| Untracked 
|  18|0x0000000703e00000, 0x0000000703e00000, 0x0000000703f00000|  0%| F|  |TAMS 0x0000000703e00000, 0x0000000703e00000| Untracked 
|  19|0x0000000703f00000, 0x0000000703f00000, 0x0000000704000000|  0%| F|  |TAMS 0x0000000703f00000, 0x0000000703f00000| Untracked 
|  20|0x0000000704000000, 0x0000000704000000, 0x0000000704100000|  0%| F|  |TAMS 0x0000000704000000, 0x0000000704000000| Untracked 
|  21|0x0000000704100000, 0x0000000704100000, 0x0000000704200000|  0%| F|  |TAMS 0x0000000704100000, 0x0000000704100000| Untracked 
|  22|0x0000000704200000, 0x0000000704200000, 0x0000000704300000|  0%| F|  |TAMS 0x0000000704200000, 0x0000000704200000| Untracked 
|  23|0x0000000704300000, 0x0000000704300000, 0x0000000704400000|  0%| F|  |TAMS 0x0000000704300000, 0x0000000704300000| Untracked 
|  24|0x0000000704400000, 0x0000000704400000, 0x0000000704500000|  0%| F|  |TAMS 0x0000000704400000, 0x0000000704400000| Untracked 
|  25|0x0000000704500000, 0x0000000704500000, 0x0000000704600000|  0%| F|  |TAMS 0x0000000704500000, 0x0000000704500000| Untracked 
|  26|0x0000000704600000, 0x0000000704600000, 0x0000000704700000|  0%| F|  |TAMS 0x0000000704600000, 0x0000000704600000| Untracked 
|  27|0x0000000704700000, 0x0000000704700000, 0x0000000704800000|  0%| F|  |TAMS 0x0000000704700000, 0x0000000704700000| Untracked 
|  28|0x0000000704800000, 0x0000000704800000, 0x0000000704900000|  0%| F|  |TAMS 0x0000000704800000, 0x0000000704800000| Untracked 
|  29|0x0000000704900000, 0x0000000704900000, 0x0000000704a00000|  0%| F|  |TAMS 0x0000000704900000, 0x0000000704900000| Untracked 
|  30|0x0000000704a00000, 0x0000000704a00000, 0x0000000704b00000|  0%| F|  |TAMS 0x0000000704a00000, 0x0000000704a00000| Untracked 
|  31|0x0000000704b00000, 0x0000000704b00000, 0x0000000704c00000|  0%| F|  |TAMS 0x0000000704b00000, 0x0000000704b00000| Untracked 
|  32|0x0000000704c00000, 0x0000000704c00000, 0x0000000704d00000|  0%| F|  |TAMS 0x0000000704c00000, 0x0000000704c00000| Untracked 
|  33|0x0000000704d00000, 0x0000000704d00000, 0x0000000704e00000|  0%| F|  |TAMS 0x0000000704d00000, 0x0000000704d00000| Untracked 
|  34|0x0000000704e00000, 0x0000000704e00000, 0x0000000704f00000|  0%| F|  |TAMS 0x0000000704e00000, 0x0000000704e00000| Untracked 
|  35|0x0000000704f00000, 0x0000000704f00000, 0x0000000705000000|  0%| F|  |TAMS 0x0000000704f00000, 0x0000000704f00000| Untracked 
|  36|0x0000000705000000, 0x0000000705000000, 0x0000000705100000|  0%| F|  |TAMS 0x0000000705000000, 0x0000000705000000| Untracked 
|  37|0x0000000705100000, 0x0000000705100000, 0x0000000705200000|  0%| F|  |TAMS 0x0000000705100000, 0x0000000705100000| Untracked 
|  38|0x0000000705200000, 0x0000000705200000, 0x0000000705300000|  0%| F|  |TAMS 0x0000000705200000, 0x0000000705200000| Untracked 
|  39|0x0000000705300000, 0x0000000705300000, 0x0000000705400000|  0%| F|  |TAMS 0x0000000705300000, 0x0000000705300000| Untracked 
|  40|0x0000000705400000, 0x0000000705400000, 0x0000000705500000|  0%| F|  |TAMS 0x0000000705400000, 0x0000000705400000| Untracked 
|  41|0x0000000705500000, 0x0000000705500000, 0x0000000705600000|  0%| F|  |TAMS 0x0000000705500000, 0x0000000705500000| Untracked 
|  42|0x0000000705600000, 0x0000000705600000, 0x0000000705700000|  0%| F|  |TAMS 0x0000000705600000, 0x0000000705600000| Untracked 
|  43|0x0000000705700000, 0x0000000705700000, 0x0000000705800000|  0%| F|  |TAMS 0x0000000705700000, 0x0000000705700000| Untracked 
|  44|0x0000000705800000, 0x0000000705800000, 0x0000000705900000|  0%| F|  |TAMS 0x0000000705800000, 0x0000000705800000| Untracked 
|  45|0x0000000705900000, 0x0000000705900000, 0x0000000705a00000|  0%| F|  |TAMS 0x0000000705900000, 0x0000000705900000| Untracked 
|  46|0x0000000705a00000, 0x0000000705a00000, 0x0000000705b00000|  0%| F|  |TAMS 0x0000000705a00000, 0x0000000705a00000| Untracked 
|  47|0x0000000705b00000, 0x0000000705b00000, 0x0000000705c00000|  0%| F|  |TAMS 0x0000000705b00000, 0x0000000705b00000| Untracked 
|  48|0x0000000705c00000, 0x0000000705c00000, 0x0000000705d00000|  0%| F|  |TAMS 0x0000000705c00000, 0x0000000705c00000| Untracked 
|  49|0x0000000705d00000, 0x0000000705d00000, 0x0000000705e00000|  0%| F|  |TAMS 0x0000000705d00000, 0x0000000705d00000| Untracked 
|  50|0x0000000705e00000, 0x0000000705e00000, 0x0000000705f00000|  0%| F|  |TAMS 0x0000000705e00000, 0x0000000705e00000| Untracked 
|  51|0x0000000705f00000, 0x0000000705f00000, 0x0000000706000000|  0%| F|  |TAMS 0x0000000705f00000, 0x0000000705f00000| Untracked 
|  52|0x0000000706000000, 0x0000000706000000, 0x0000000706100000|  0%| F|  |TAMS 0x0000000706000000, 0x0000000706000000| Untracked 
|  53|0x0000000706100000, 0x0000000706100000, 0x0000000706200000|  0%| F|  |TAMS 0x0000000706100000, 0x0000000706100000| Untracked 
|  54|0x0000000706200000, 0x0000000706200000, 0x0000000706300000|  0%| F|  |TAMS 0x0000000706200000, 0x0000000706200000| Untracked 
|  55|0x0000000706300000, 0x0000000706300000, 0x0000000706400000|  0%| F|  |TAMS 0x0000000706300000, 0x0000000706300000| Untracked 
|  56|0x0000000706400000, 0x0000000706400000, 0x0000000706500000|  0%| F|  |TAMS 0x0000000706400000, 0x0000000706400000| Untracked 
|  57|0x0000000706500000, 0x0000000706500000, 0x0000000706600000|  0%| F|  |TAMS 0x0000000706500000, 0x0000000706500000| Untracked 
|  58|0x0000000706600000, 0x0000000706600000, 0x0000000706700000|  0%| F|  |TAMS 0x0000000706600000, 0x0000000706600000| Untracked 
|  59|0x0000000706700000, 0x0000000706700000, 0x0000000706800000|  0%| F|  |TAMS 0x0000000706700000, 0x0000000706700000| Untracked 
|  60|0x0000000706800000, 0x0000000706800000, 0x0000000706900000|  0%| F|  |TAMS 0x0000000706800000, 0x0000000706800000| Untracked 
|  61|0x0000000706900000, 0x0000000706900000, 0x0000000706a00000|  0%| F|  |TAMS 0x0000000706900000, 0x0000000706900000| Untracked 
|  62|0x0000000706a00000, 0x0000000706a00000, 0x0000000706b00000|  0%| F|  |TAMS 0x0000000706a00000, 0x0000000706a00000| Untracked 
|  63|0x0000000706b00000, 0x0000000706b00000, 0x0000000706c00000|  0%| F|  |TAMS 0x0000000706b00000, 0x0000000706b00000| Untracked 
|  64|0x0000000706c00000, 0x0000000706c00000, 0x0000000706d00000|  0%| F|  |TAMS 0x0000000706c00000, 0x0000000706c00000| Untracked 
|  65|0x0000000706d00000, 0x0000000706d00000, 0x0000000706e00000|  0%| F|  |TAMS 0x0000000706d00000, 0x0000000706d00000| Untracked 
|  66|0x0000000706e00000, 0x0000000706e00000, 0x0000000706f00000|  0%| F|  |TAMS 0x0000000706e00000, 0x0000000706e00000| Untracked 
|  67|0x0000000706f00000, 0x0000000706f00000, 0x0000000707000000|  0%| F|  |TAMS 0x0000000706f00000, 0x0000000706f00000| Untracked 
|  68|0x0000000707000000, 0x0000000707000000, 0x0000000707100000|  0%| F|  |TAMS 0x0000000707000000, 0x0000000707000000| Untracked 
|  69|0x0000000707100000, 0x0000000707100000, 0x0000000707200000|  0%| F|  |TAMS 0x0000000707100000, 0x0000000707100000| Untracked 
|  70|0x0000000707200000, 0x0000000707200000, 0x0000000707300000|  0%| F|  |TAMS 0x0000000707200000, 0x0000000707200000| Untracked 
|  71|0x0000000707300000, 0x0000000707300000, 0x0000000707400000|  0%| F|  |TAMS 0x0000000707300000, 0x0000000707300000| Untracked 
|  72|0x0000000707400000, 0x0000000707400000, 0x0000000707500000|  0%| F|  |TAMS 0x0000000707400000, 0x0000000707400000| Untracked 
|  73|0x0000000707500000, 0x0000000707500000, 0x0000000707600000|  0%| F|  |TAMS 0x0000000707500000, 0x0000000707500000| Untracked 
|  74|0x0000000707600000, 0x0000000707600000, 0x0000000707700000|  0%| F|  |TAMS 0x0000000707600000, 0x0000000707600000| Untracked 
|  75|0x0000000707700000, 0x0000000707700000, 0x0000000707800000|  0%| F|  |TAMS 0x0000000707700000, 0x0000000707700000| Untracked 
|  76|0x0000000707800000, 0x0000000707800000, 0x0000000707900000|  0%| F|  |TAMS 0x0000000707800000, 0x0000000707800000| Untracked 
|  77|0x0000000707900000, 0x0000000707900000, 0x0000000707a00000|  0%| F|  |TAMS 0x0000000707900000, 0x0000000707900000| Untracked 
|  78|0x0000000707a00000, 0x0000000707a00000, 0x0000000707b00000|  0%| F|  |TAMS 0x0000000707a00000, 0x0000000707a00000| Untracked 
|  79|0x0000000707b00000, 0x0000000707b00000, 0x0000000707c00000|  0%| F|  |TAMS 0x0000000707b00000, 0x0000000707b00000| Untracked 
|  80|0x0000000707c00000, 0x0000000707c00000, 0x0000000707d00000|  0%| F|  |TAMS 0x0000000707c00000, 0x0000000707c00000| Untracked 
|  81|0x0000000707d00000, 0x0000000707d00000, 0x0000000707e00000|  0%| F|  |TAMS 0x0000000707d00000, 0x0000000707d00000| Untracked 
|  82|0x0000000707e00000, 0x0000000707e00000, 0x0000000707f00000|  0%| F|  |TAMS 0x0000000707e00000, 0x0000000707e00000| Untracked 
|  83|0x0000000707f00000, 0x0000000707f00000, 0x0000000708000000|  0%| F|  |TAMS 0x0000000707f00000, 0x0000000707f00000| Untracked 
|  84|0x0000000708000000, 0x0000000708000000, 0x0000000708100000|  0%| F|  |TAMS 0x0000000708000000, 0x0000000708000000| Untracked 
|  85|0x0000000708100000, 0x0000000708100000, 0x0000000708200000|  0%| F|  |TAMS 0x0000000708100000, 0x0000000708100000| Untracked 
|  86|0x0000000708200000, 0x0000000708200000, 0x0000000708300000|  0%| F|  |TAMS 0x0000000708200000, 0x0000000708200000| Untracked 
|  87|0x0000000708300000, 0x0000000708300000, 0x0000000708400000|  0%| F|  |TAMS 0x0000000708300000, 0x0000000708300000| Untracked 
|  88|0x0000000708400000, 0x0000000708400000, 0x0000000708500000|  0%| F|  |TAMS 0x0000000708400000, 0x0000000708400000| Untracked 
|  89|0x0000000708500000, 0x0000000708500000, 0x0000000708600000|  0%| F|  |TAMS 0x0000000708500000, 0x0000000708500000| Untracked 
|  90|0x0000000708600000, 0x0000000708600000, 0x0000000708700000|  0%| F|  |TAMS 0x0000000708600000, 0x0000000708600000| Untracked 
|  91|0x0000000708700000, 0x0000000708700000, 0x0000000708800000|  0%| F|  |TAMS 0x0000000708700000, 0x0000000708700000| Untracked 
|  92|0x0000000708800000, 0x0000000708800000, 0x0000000708900000|  0%| F|  |TAMS 0x0000000708800000, 0x0000000708800000| Untracked 
|  93|0x0000000708900000, 0x0000000708900000, 0x0000000708a00000|  0%| F|  |TAMS 0x0000000708900000, 0x0000000708900000| Untracked 
|  94|0x0000000708a00000, 0x0000000708a00000, 0x0000000708b00000|  0%| F|  |TAMS 0x0000000708a00000, 0x0000000708a00000| Untracked 
|  95|0x0000000708b00000, 0x0000000708b00000, 0x0000000708c00000|  0%| F|  |TAMS 0x0000000708b00000, 0x0000000708b00000| Untracked 
|  96|0x0000000708c00000, 0x0000000708c00000, 0x0000000708d00000|  0%| F|  |TAMS 0x0000000708c00000, 0x0000000708c00000| Untracked 
|  97|0x0000000708d00000, 0x0000000708d00000, 0x0000000708e00000|  0%| F|  |TAMS 0x0000000708d00000, 0x0000000708d00000| Untracked 
|  98|0x0000000708e00000, 0x0000000708e00000, 0x0000000708f00000|  0%| F|  |TAMS 0x0000000708e00000, 0x0000000708e00000| Untracked 
|  99|0x0000000708f00000, 0x0000000708f00000, 0x0000000709000000|  0%| F|  |TAMS 0x0000000708f00000, 0x0000000708f00000| Untracked 
| 100|0x0000000709000000, 0x0000000709000000, 0x0000000709100000|  0%| F|  |TAMS 0x0000000709000000, 0x0000000709000000| Untracked 
| 101|0x0000000709100000, 0x0000000709100000, 0x0000000709200000|  0%| F|  |TAMS 0x0000000709100000, 0x0000000709100000| Untracked 
| 102|0x0000000709200000, 0x0000000709200000, 0x0000000709300000|  0%| F|  |TAMS 0x0000000709200000, 0x0000000709200000| Untracked 
| 103|0x0000000709300000, 0x0000000709300000, 0x0000000709400000|  0%| F|  |TAMS 0x0000000709300000, 0x0000000709300000| Untracked 
| 104|0x0000000709400000, 0x0000000709400000, 0x0000000709500000|  0%| F|  |TAMS 0x0000000709400000, 0x0000000709400000| Untracked 
| 105|0x0000000709500000, 0x0000000709500000, 0x0000000709600000|  0%| F|  |TAMS 0x0000000709500000, 0x0000000709500000| Untracked 
| 106|0x0000000709600000, 0x0000000709600000, 0x0000000709700000|  0%| F|  |TAMS 0x0000000709600000, 0x0000000709600000| Untracked 
| 107|0x0000000709700000, 0x0000000709700000, 0x0000000709800000|  0%| F|  |TAMS 0x0000000709700000, 0x0000000709700000| Untracked 
| 108|0x0000000709800000, 0x0000000709800000, 0x0000000709900000|  0%| F|  |TAMS 0x0000000709800000, 0x0000000709800000| Untracked 
| 109|0x0000000709900000, 0x0000000709900000, 0x0000000709a00000|  0%| F|  |TAMS 0x0000000709900000, 0x0000000709900000| Untracked 
| 110|0x0000000709a00000, 0x0000000709a00000, 0x0000000709b00000|  0%| F|  |TAMS 0x0000000709a00000, 0x0000000709a00000| Untracked 
| 111|0x0000000709b00000, 0x0000000709b00000, 0x0000000709c00000|  0%| F|  |TAMS 0x0000000709b00000, 0x0000000709b00000| Untracked 
| 112|0x0000000709c00000, 0x0000000709c00000, 0x0000000709d00000|  0%| F|  |TAMS 0x0000000709c00000, 0x0000000709c00000| Untracked 
| 113|0x0000000709d00000, 0x0000000709d00000, 0x0000000709e00000|  0%| F|  |TAMS 0x0000000709d00000, 0x0000000709d00000| Untracked 
| 114|0x0000000709e00000, 0x0000000709e00000, 0x0000000709f00000|  0%| F|  |TAMS 0x0000000709e00000, 0x0000000709e00000| Untracked 
| 115|0x0000000709f00000, 0x0000000709f00000, 0x000000070a000000|  0%| F|  |TAMS 0x0000000709f00000, 0x0000000709f00000| Untracked 
| 116|0x000000070a000000, 0x000000070a000000, 0x000000070a100000|  0%| F|  |TAMS 0x000000070a000000, 0x000000070a000000| Untracked 
| 117|0x000000070a100000, 0x000000070a100000, 0x000000070a200000|  0%| F|  |TAMS 0x000000070a100000, 0x000000070a100000| Untracked 
| 118|0x000000070a200000, 0x000000070a200000, 0x000000070a300000|  0%| F|  |TAMS 0x000000070a200000, 0x000000070a200000| Untracked 
| 119|0x000000070a300000, 0x000000070a300000, 0x000000070a400000|  0%| F|  |TAMS 0x000000070a300000, 0x000000070a300000| Untracked 
| 120|0x000000070a400000, 0x000000070a400000, 0x000000070a500000|  0%| F|  |TAMS 0x000000070a400000, 0x000000070a400000| Untracked 
| 121|0x000000070a500000, 0x000000070a500000, 0x000000070a600000|  0%| F|  |TAMS 0x000000070a500000, 0x000000070a500000| Untracked 
| 122|0x000000070a600000, 0x000000070a600000, 0x000000070a700000|  0%| F|  |TAMS 0x000000070a600000, 0x000000070a600000| Untracked 
| 123|0x000000070a700000, 0x000000070a700000, 0x000000070a800000|  0%| F|  |TAMS 0x000000070a700000, 0x000000070a700000| Untracked 
| 124|0x000000070a800000, 0x000000070a800000, 0x000000070a900000|  0%| F|  |TAMS 0x000000070a800000, 0x000000070a800000| Untracked 
| 125|0x000000070a900000, 0x000000070a900000, 0x000000070aa00000|  0%| F|  |TAMS 0x000000070a900000, 0x000000070a900000| Untracked 
| 126|0x000000070aa00000, 0x000000070aa00000, 0x000000070ab00000|  0%| F|  |TAMS 0x000000070aa00000, 0x000000070aa00000| Untracked 
| 127|0x000000070ab00000, 0x000000070ab00000, 0x000000070ac00000|  0%| F|  |TAMS 0x000000070ab00000, 0x000000070ab00000| Untracked 
| 128|0x000000070ac00000, 0x000000070ac00000, 0x000000070ad00000|  0%| F|  |TAMS 0x000000070ac00000, 0x000000070ac00000| Untracked 
| 129|0x000000070ad00000, 0x000000070ad00000, 0x000000070ae00000|  0%| F|  |TAMS 0x000000070ad00000, 0x000000070ad00000| Untracked 
| 130|0x000000070ae00000, 0x000000070ae00000, 0x000000070af00000|  0%| F|  |TAMS 0x000000070ae00000, 0x000000070ae00000| Untracked 
| 131|0x000000070af00000, 0x000000070af00000, 0x000000070b000000|  0%| F|  |TAMS 0x000000070af00000, 0x000000070af00000| Untracked 
| 132|0x000000070b000000, 0x000000070b000000, 0x000000070b100000|  0%| F|  |TAMS 0x000000070b000000, 0x000000070b000000| Untracked 
| 133|0x000000070b100000, 0x000000070b100000, 0x000000070b200000|  0%| F|  |TAMS 0x000000070b100000, 0x000000070b100000| Untracked 
| 134|0x000000070b200000, 0x000000070b200000, 0x000000070b300000|  0%| F|  |TAMS 0x000000070b200000, 0x000000070b200000| Untracked 
| 135|0x000000070b300000, 0x000000070b300000, 0x000000070b400000|  0%| F|  |TAMS 0x000000070b300000, 0x000000070b300000| Untracked 
| 136|0x000000070b400000, 0x000000070b400000, 0x000000070b500000|  0%| F|  |TAMS 0x000000070b400000, 0x000000070b400000| Untracked 
| 137|0x000000070b500000, 0x000000070b500000, 0x000000070b600000|  0%| F|  |TAMS 0x000000070b500000, 0x000000070b500000| Untracked 
| 138|0x000000070b600000, 0x000000070b600000, 0x000000070b700000|  0%| F|  |TAMS 0x000000070b600000, 0x000000070b600000| Untracked 
| 139|0x000000070b700000, 0x000000070b700000, 0x000000070b800000|  0%| F|  |TAMS 0x000000070b700000, 0x000000070b700000| Untracked 
| 140|0x000000070b800000, 0x000000070b800000, 0x000000070b900000|  0%| F|  |TAMS 0x000000070b800000, 0x000000070b800000| Untracked 
| 141|0x000000070b900000, 0x000000070b900000, 0x000000070ba00000|  0%| F|  |TAMS 0x000000070b900000, 0x000000070b900000| Untracked 
| 142|0x000000070ba00000, 0x000000070ba00000, 0x000000070bb00000|  0%| F|  |TAMS 0x000000070ba00000, 0x000000070ba00000| Untracked 
| 143|0x000000070bb00000, 0x000000070bb00000, 0x000000070bc00000|  0%| F|  |TAMS 0x000000070bb00000, 0x000000070bb00000| Untracked 
| 144|0x000000070bc00000, 0x000000070bc00000, 0x000000070bd00000|  0%| F|  |TAMS 0x000000070bc00000, 0x000000070bc00000| Untracked 
| 145|0x000000070bd00000, 0x000000070bd00000, 0x000000070be00000|  0%| F|  |TAMS 0x000000070bd00000, 0x000000070bd00000| Untracked 
| 146|0x000000070be00000, 0x000000070be00000, 0x000000070bf00000|  0%| F|  |TAMS 0x000000070be00000, 0x000000070be00000| Untracked 
| 147|0x000000070bf00000, 0x000000070bf00000, 0x000000070c000000|  0%| F|  |TAMS 0x000000070bf00000, 0x000000070bf00000| Untracked 
| 148|0x000000070c000000, 0x000000070c000000, 0x000000070c100000|  0%| F|  |TAMS 0x000000070c000000, 0x000000070c000000| Untracked 
| 149|0x000000070c100000, 0x000000070c100000, 0x000000070c200000|  0%| F|  |TAMS 0x000000070c100000, 0x000000070c100000| Untracked 
| 150|0x000000070c200000, 0x000000070c200000, 0x000000070c300000|  0%| F|  |TAMS 0x000000070c200000, 0x000000070c200000| Untracked 
| 151|0x000000070c300000, 0x000000070c300000, 0x000000070c400000|  0%| F|  |TAMS 0x000000070c300000, 0x000000070c300000| Untracked 
| 152|0x000000070c400000, 0x000000070c400000, 0x000000070c500000|  0%| F|  |TAMS 0x000000070c400000, 0x000000070c400000| Untracked 
| 153|0x000000070c500000, 0x000000070c500000, 0x000000070c600000|  0%| F|  |TAMS 0x000000070c500000, 0x000000070c500000| Untracked 
| 154|0x000000070c600000, 0x000000070c600000, 0x000000070c700000|  0%| F|  |TAMS 0x000000070c600000, 0x000000070c600000| Untracked 
| 155|0x000000070c700000, 0x000000070c700000, 0x000000070c800000|  0%| F|  |TAMS 0x000000070c700000, 0x000000070c700000| Untracked 
| 156|0x000000070c800000, 0x000000070c800000, 0x000000070c900000|  0%| F|  |TAMS 0x000000070c800000, 0x000000070c800000| Untracked 
| 157|0x000000070c900000, 0x000000070c900000, 0x000000070ca00000|  0%| F|  |TAMS 0x000000070c900000, 0x000000070c900000| Untracked 
| 158|0x000000070ca00000, 0x000000070ca00000, 0x000000070cb00000|  0%| F|  |TAMS 0x000000070ca00000, 0x000000070ca00000| Untracked 
| 159|0x000000070cb00000, 0x000000070cb00000, 0x000000070cc00000|  0%| F|  |TAMS 0x000000070cb00000, 0x000000070cb00000| Untracked 
| 160|0x000000070cc00000, 0x000000070cc00000, 0x000000070cd00000|  0%| F|  |TAMS 0x000000070cc00000, 0x000000070cc00000| Untracked 
| 161|0x000000070cd00000, 0x000000070cd00000, 0x000000070ce00000|  0%| F|  |TAMS 0x000000070cd00000, 0x000000070cd00000| Untracked 
| 162|0x000000070ce00000, 0x000000070ce00000, 0x000000070cf00000|  0%| F|  |TAMS 0x000000070ce00000, 0x000000070ce00000| Untracked 
| 163|0x000000070cf00000, 0x000000070cf00000, 0x000000070d000000|  0%| F|  |TAMS 0x000000070cf00000, 0x000000070cf00000| Untracked 
| 164|0x000000070d000000, 0x000000070d000000, 0x000000070d100000|  0%| F|  |TAMS 0x000000070d000000, 0x000000070d000000| Untracked 
| 165|0x000000070d100000, 0x000000070d100000, 0x000000070d200000|  0%| F|  |TAMS 0x000000070d100000, 0x000000070d100000| Untracked 
| 166|0x000000070d200000, 0x000000070d200000, 0x000000070d300000|  0%| F|  |TAMS 0x000000070d200000, 0x000000070d200000| Untracked 
| 167|0x000000070d300000, 0x000000070d300000, 0x000000070d400000|  0%| F|  |TAMS 0x000000070d300000, 0x000000070d300000| Untracked 
| 168|0x000000070d400000, 0x000000070d400000, 0x000000070d500000|  0%| F|  |TAMS 0x000000070d400000, 0x000000070d400000| Untracked 
| 169|0x000000070d500000, 0x000000070d500000, 0x000000070d600000|  0%| F|  |TAMS 0x000000070d500000, 0x000000070d500000| Untracked 
| 170|0x000000070d600000, 0x000000070d600000, 0x000000070d700000|  0%| F|  |TAMS 0x000000070d600000, 0x000000070d600000| Untracked 
| 171|0x000000070d700000, 0x000000070d700000, 0x000000070d800000|  0%| F|  |TAMS 0x000000070d700000, 0x000000070d700000| Untracked 
| 172|0x000000070d800000, 0x000000070d800000, 0x000000070d900000|  0%| F|  |TAMS 0x000000070d800000, 0x000000070d800000| Untracked 
| 173|0x000000070d900000, 0x000000070d900000, 0x000000070da00000|  0%| F|  |TAMS 0x000000070d900000, 0x000000070d900000| Untracked 
| 174|0x000000070da00000, 0x000000070da00000, 0x000000070db00000|  0%| F|  |TAMS 0x000000070da00000, 0x000000070da00000| Untracked 
| 175|0x000000070db00000, 0x000000070db00000, 0x000000070dc00000|  0%| F|  |TAMS 0x000000070db00000, 0x000000070db00000| Untracked 
| 176|0x000000070dc00000, 0x000000070dc00000, 0x000000070dd00000|  0%| F|  |TAMS 0x000000070dc00000, 0x000000070dc00000| Untracked 
| 177|0x000000070dd00000, 0x000000070dd00000, 0x000000070de00000|  0%| F|  |TAMS 0x000000070dd00000, 0x000000070dd00000| Untracked 
| 178|0x000000070de00000, 0x000000070de00000, 0x000000070df00000|  0%| F|  |TAMS 0x000000070de00000, 0x000000070de00000| Untracked 
| 179|0x000000070df00000, 0x000000070df00000, 0x000000070e000000|  0%| F|  |TAMS 0x000000070df00000, 0x000000070df00000| Untracked 
| 180|0x000000070e000000, 0x000000070e000000, 0x000000070e100000|  0%| F|  |TAMS 0x000000070e000000, 0x000000070e000000| Untracked 
| 181|0x000000070e100000, 0x000000070e100000, 0x000000070e200000|  0%| F|  |TAMS 0x000000070e100000, 0x000000070e100000| Untracked 
| 182|0x000000070e200000, 0x000000070e200000, 0x000000070e300000|  0%| F|  |TAMS 0x000000070e200000, 0x000000070e200000| Untracked 
| 183|0x000000070e300000, 0x000000070e300000, 0x000000070e400000|  0%| F|  |TAMS 0x000000070e300000, 0x000000070e300000| Untracked 
| 184|0x000000070e400000, 0x000000070e400000, 0x000000070e500000|  0%| F|  |TAMS 0x000000070e400000, 0x000000070e400000| Untracked 
| 185|0x000000070e500000, 0x000000070e500000, 0x000000070e600000|  0%| F|  |TAMS 0x000000070e500000, 0x000000070e500000| Untracked 
| 186|0x000000070e600000, 0x000000070e600000, 0x000000070e700000|  0%| F|  |TAMS 0x000000070e600000, 0x000000070e600000| Untracked 
| 187|0x000000070e700000, 0x000000070e700000, 0x000000070e800000|  0%| F|  |TAMS 0x000000070e700000, 0x000000070e700000| Untracked 
| 188|0x000000070e800000, 0x000000070e800000, 0x000000070e900000|  0%| F|  |TAMS 0x000000070e800000, 0x000000070e800000| Untracked 
| 189|0x000000070e900000, 0x000000070e900000, 0x000000070ea00000|  0%| F|  |TAMS 0x000000070e900000, 0x000000070e900000| Untracked 
| 190|0x000000070ea00000, 0x000000070ea00000, 0x000000070eb00000|  0%| F|  |TAMS 0x000000070ea00000, 0x000000070ea00000| Untracked 
| 191|0x000000070eb00000, 0x000000070eb00000, 0x000000070ec00000|  0%| F|  |TAMS 0x000000070eb00000, 0x000000070eb00000| Untracked 
| 192|0x000000070ec00000, 0x000000070ec00000, 0x000000070ed00000|  0%| F|  |TAMS 0x000000070ec00000, 0x000000070ec00000| Untracked 
| 193|0x000000070ed00000, 0x000000070ed00000, 0x000000070ee00000|  0%| F|  |TAMS 0x000000070ed00000, 0x000000070ed00000| Untracked 
| 194|0x000000070ee00000, 0x000000070ee00000, 0x000000070ef00000|  0%| F|  |TAMS 0x000000070ee00000, 0x000000070ee00000| Untracked 
| 195|0x000000070ef00000, 0x000000070ef00000, 0x000000070f000000|  0%| F|  |TAMS 0x000000070ef00000, 0x000000070ef00000| Untracked 
| 196|0x000000070f000000, 0x000000070f000000, 0x000000070f100000|  0%| F|  |TAMS 0x000000070f000000, 0x000000070f000000| Untracked 
| 197|0x000000070f100000, 0x000000070f100000, 0x000000070f200000|  0%| F|  |TAMS 0x000000070f100000, 0x000000070f100000| Untracked 
| 198|0x000000070f200000, 0x000000070f200000, 0x000000070f300000|  0%| F|  |TAMS 0x000000070f200000, 0x000000070f200000| Untracked 
| 199|0x000000070f300000, 0x000000070f300000, 0x000000070f400000|  0%| F|  |TAMS 0x000000070f300000, 0x000000070f300000| Untracked 
| 200|0x000000070f400000, 0x000000070f400000, 0x000000070f500000|  0%| F|  |TAMS 0x000000070f400000, 0x000000070f400000| Untracked 
| 201|0x000000070f500000, 0x000000070f500000, 0x000000070f600000|  0%| F|  |TAMS 0x000000070f500000, 0x000000070f500000| Untracked 
| 202|0x000000070f600000, 0x000000070f600000, 0x000000070f700000|  0%| F|  |TAMS 0x000000070f600000, 0x000000070f600000| Untracked 
| 203|0x000000070f700000, 0x000000070f700000, 0x000000070f800000|  0%| F|  |TAMS 0x000000070f700000, 0x000000070f700000| Untracked 
| 204|0x000000070f800000, 0x000000070f800000, 0x000000070f900000|  0%| F|  |TAMS 0x000000070f800000, 0x000000070f800000| Untracked 
| 205|0x000000070f900000, 0x000000070f900000, 0x000000070fa00000|  0%| F|  |TAMS 0x000000070f900000, 0x000000070f900000| Untracked 
| 206|0x000000070fa00000, 0x000000070fa00000, 0x000000070fb00000|  0%| F|  |TAMS 0x000000070fa00000, 0x000000070fa00000| Untracked 
| 207|0x000000070fb00000, 0x000000070fb00000, 0x000000070fc00000|  0%| F|  |TAMS 0x000000070fb00000, 0x000000070fb00000| Untracked 
| 208|0x000000070fc00000, 0x000000070fc00000, 0x000000070fd00000|  0%| F|  |TAMS 0x000000070fc00000, 0x000000070fc00000| Untracked 
| 209|0x000000070fd00000, 0x000000070fd00000, 0x000000070fe00000|  0%| F|  |TAMS 0x000000070fd00000, 0x000000070fd00000| Untracked 
| 210|0x000000070fe00000, 0x000000070fe00000, 0x000000070ff00000|  0%| F|  |TAMS 0x000000070fe00000, 0x000000070fe00000| Untracked 
| 211|0x000000070ff00000, 0x000000070ff00000, 0x0000000710000000|  0%| F|  |TAMS 0x000000070ff00000, 0x000000070ff00000| Untracked 
| 212|0x0000000710000000, 0x0000000710000000, 0x0000000710100000|  0%| F|  |TAMS 0x0000000710000000, 0x0000000710000000| Untracked 
| 213|0x0000000710100000, 0x0000000710100000, 0x0000000710200000|  0%| F|  |TAMS 0x0000000710100000, 0x0000000710100000| Untracked 
| 214|0x0000000710200000, 0x0000000710200000, 0x0000000710300000|  0%| F|  |TAMS 0x0000000710200000, 0x0000000710200000| Untracked 
| 215|0x0000000710300000, 0x0000000710300000, 0x0000000710400000|  0%| F|  |TAMS 0x0000000710300000, 0x0000000710300000| Untracked 
| 216|0x0000000710400000, 0x0000000710400000, 0x0000000710500000|  0%| F|  |TAMS 0x0000000710400000, 0x0000000710400000| Untracked 
| 217|0x0000000710500000, 0x0000000710500000, 0x0000000710600000|  0%| F|  |TAMS 0x0000000710500000, 0x0000000710500000| Untracked 
| 218|0x0000000710600000, 0x0000000710600000, 0x0000000710700000|  0%| F|  |TAMS 0x0000000710600000, 0x0000000710600000| Untracked 
| 219|0x0000000710700000, 0x0000000710700000, 0x0000000710800000|  0%| F|  |TAMS 0x0000000710700000, 0x0000000710700000| Untracked 
| 220|0x0000000710800000, 0x0000000710800000, 0x0000000710900000|  0%| F|  |TAMS 0x0000000710800000, 0x0000000710800000| Untracked 
| 221|0x0000000710900000, 0x0000000710900000, 0x0000000710a00000|  0%| F|  |TAMS 0x0000000710900000, 0x0000000710900000| Untracked 
| 222|0x0000000710a00000, 0x0000000710a00000, 0x0000000710b00000|  0%| F|  |TAMS 0x0000000710a00000, 0x0000000710a00000| Untracked 
| 223|0x0000000710b00000, 0x0000000710b00000, 0x0000000710c00000|  0%| F|  |TAMS 0x0000000710b00000, 0x0000000710b00000| Untracked 
| 224|0x0000000710c00000, 0x0000000710c00000, 0x0000000710d00000|  0%| F|  |TAMS 0x0000000710c00000, 0x0000000710c00000| Untracked 
| 225|0x0000000710d00000, 0x0000000710d00000, 0x0000000710e00000|  0%| F|  |TAMS 0x0000000710d00000, 0x0000000710d00000| Untracked 
| 226|0x0000000710e00000, 0x0000000710e00000, 0x0000000710f00000|  0%| F|  |TAMS 0x0000000710e00000, 0x0000000710e00000| Untracked 
| 227|0x0000000710f00000, 0x0000000711000000, 0x0000000711000000|100%| S|CS|TAMS 0x0000000710f00000, 0x0000000710f00000| Complete 
| 228|0x0000000711000000, 0x0000000711100000, 0x0000000711100000|100%| S|CS|TAMS 0x0000000711000000, 0x0000000711000000| Complete 
| 229|0x0000000711100000, 0x0000000711200000, 0x0000000711200000|100%| S|CS|TAMS 0x0000000711100000, 0x0000000711100000| Complete 
| 230|0x0000000711200000, 0x0000000711200000, 0x0000000711300000|  0%| F|  |TAMS 0x0000000711200000, 0x0000000711200000| Untracked 
| 231|0x0000000711300000, 0x0000000711300000, 0x0000000711400000|  0%| F|  |TAMS 0x0000000711300000, 0x0000000711300000| Untracked 
| 232|0x0000000711400000, 0x0000000711400000, 0x0000000711500000|  0%| F|  |TAMS 0x0000000711400000, 0x0000000711400000| Untracked 
| 233|0x0000000711500000, 0x0000000711500000, 0x0000000711600000|  0%| F|  |TAMS 0x0000000711500000, 0x0000000711500000| Untracked 
| 234|0x0000000711600000, 0x0000000711600000, 0x0000000711700000|  0%| F|  |TAMS 0x0000000711600000, 0x0000000711600000| Untracked 
| 235|0x0000000711700000, 0x0000000711800000, 0x0000000711800000|100%| E|  |TAMS 0x0000000711700000, 0x0000000711700000| Complete 
| 236|0x0000000711800000, 0x0000000711900000, 0x0000000711900000|100%| E|CS|TAMS 0x0000000711800000, 0x0000000711800000| Complete 
| 237|0x0000000711900000, 0x0000000711a00000, 0x0000000711a00000|100%| E|CS|TAMS 0x0000000711900000, 0x0000000711900000| Complete 
| 238|0x0000000711a00000, 0x0000000711b00000, 0x0000000711b00000|100%| E|CS|TAMS 0x0000000711a00000, 0x0000000711a00000| Complete 
| 239|0x0000000711b00000, 0x0000000711c00000, 0x0000000711c00000|100%| E|CS|TAMS 0x0000000711b00000, 0x0000000711b00000| Complete 
| 240|0x0000000711c00000, 0x0000000711d00000, 0x0000000711d00000|100%| E|CS|TAMS 0x0000000711c00000, 0x0000000711c00000| Complete 
| 241|0x0000000711d00000, 0x0000000711e00000, 0x0000000711e00000|100%| E|CS|TAMS 0x0000000711d00000, 0x0000000711d00000| Complete 
| 242|0x0000000711e00000, 0x0000000711f00000, 0x0000000711f00000|100%| E|CS|TAMS 0x0000000711e00000, 0x0000000711e00000| Complete 
| 243|0x0000000711f00000, 0x0000000712000000, 0x0000000712000000|100%| E|CS|TAMS 0x0000000711f00000, 0x0000000711f00000| Complete 
| 244|0x0000000712000000, 0x0000000712100000, 0x0000000712100000|100%| E|CS|TAMS 0x0000000712000000, 0x0000000712000000| Complete 
| 245|0x0000000712100000, 0x0000000712200000, 0x0000000712200000|100%| E|CS|TAMS 0x0000000712100000, 0x0000000712100000| Complete 
| 246|0x0000000712200000, 0x0000000712300000, 0x0000000712300000|100%| E|CS|TAMS 0x0000000712200000, 0x0000000712200000| Complete 
| 247|0x0000000712300000, 0x0000000712400000, 0x0000000712400000|100%| E|CS|TAMS 0x0000000712300000, 0x0000000712300000| Complete 
| 248|0x0000000712400000, 0x0000000712500000, 0x0000000712500000|100%| E|CS|TAMS 0x0000000712400000, 0x0000000712400000| Complete 
| 249|0x0000000712500000, 0x0000000712600000, 0x0000000712600000|100%| E|CS|TAMS 0x0000000712500000, 0x0000000712500000| Complete 
| 250|0x0000000712600000, 0x0000000712700000, 0x0000000712700000|100%| E|CS|TAMS 0x0000000712600000, 0x0000000712600000| Complete 
| 251|0x0000000712700000, 0x0000000712800000, 0x0000000712800000|100%| E|CS|TAMS 0x0000000712700000, 0x0000000712700000| Complete 
| 252|0x0000000712800000, 0x0000000712900000, 0x0000000712900000|100%| E|CS|TAMS 0x0000000712800000, 0x0000000712800000| Complete 
| 253|0x0000000712900000, 0x0000000712a00000, 0x0000000712a00000|100%| E|CS|TAMS 0x0000000712900000, 0x0000000712900000| Complete 

Card table byte_map: [0x0000020d7da10000,0x0000020d7e200000] _byte_map_base: 0x0000020d7a1fa000

Marking Bits (Prev, Next): (CMBitMap*) 0x0000020d6a21dcc8, (CMBitMap*) 0x0000020d6a21dd00
 Prev Bits: [0x0000020d00000000, 0x0000020d03f50000)
 Next Bits: [0x0000020d03f50000, 0x0000020d07ea0000)

Polling page: 0x0000020d69980000

Metaspace:

Usage:
  Non-class:     13.56 MB capacity,    13.37 MB ( 99%) used,   172.35 KB (  1%) free+waste,    21.88 KB ( <1%) overhead. 
      Class:      1.83 MB capacity,     1.71 MB ( 94%) used,   105.62 KB (  6%) free+waste,    10.62 KB ( <1%) overhead. 
       Both:     15.39 MB capacity,    15.09 MB ( 98%) used,   277.98 KB (  2%) free+waste,    32.50 KB ( <1%) overhead. 

Virtual space:
  Non-class space:       14.00 MB reserved,      13.75 MB ( 98%) committed 
      Class space:        1.00 GB reserved,       1.88 MB ( <1%) committed 
             Both:        1.01 GB reserved,      15.62 MB (  2%) committed 

Chunk freelists:
   Non-Class:  63.00 KB
       Class:  16.00 KB
        Both:  79.00 KB

MaxMetaspaceSize: 17179869184.00 GB
CompressedClassSpaceSize: 1.00 GB
Initial GC threshold: 20.80 MB
Current GC threshold: 20.80 MB
CDS: off

CodeHeap 'non-profiled nmethods': size=120000Kb used=478Kb max_used=478Kb free=119521Kb
 bounds [0x0000020d757a0000, 0x0000020d75a10000, 0x0000020d7ccd0000]
CodeHeap 'profiled nmethods': size=120000Kb used=2443Kb max_used=2443Kb free=117556Kb
 bounds [0x0000020d6e270000, 0x0000020d6e4e0000, 0x0000020d757a0000]
CodeHeap 'non-nmethods': size=5760Kb used=1159Kb max_used=1169Kb free=4600Kb
 bounds [0x0000020d6dcd0000, 0x0000020d6df40000, 0x0000020d6e270000]
 total_blobs=1719 nmethods=1297 adapters=335
 compilation: enabled
              stopped_count=0, restarted_count=0
 full_count=0

Compilation events (20 events):
Event: 6.384 Thread 0x0000020d09fbb800 nmethod 1275 0x0000020d6e4c9990 code [0x0000020d6e4c9b60, 0x0000020d6e4c9e68]
Event: 8.085 Thread 0x0000020d09fbb800 1276       3       java.lang.invoke.VarHandleGuards::guard_LLL_Z (70 bytes)
Event: 8.088 Thread 0x0000020d09fbb800 nmethod 1276 0x0000020d6e4c9f90 code [0x0000020d6e4ca240, 0x0000020d6e4cb308]
Event: 8.088 Thread 0x0000020d09fbb800 1278       1       org.gradle.internal.logging.text.AbstractLineChoppingStyledTextOutput$SeenFromEol::size (5 bytes)
Event: 8.088 Thread 0x0000020d09fbb800 nmethod 1278 0x0000020d75816f90 code [0x0000020d75817140, 0x0000020d758171f8]
Event: 8.088 Thread 0x0000020d09fbb800 1280       1       org.gradle.internal.logging.text.AbstractLineChoppingStyledTextOutput$StateContext::access$000 (5 bytes)
Event: 8.088 Thread 0x0000020d09fbb800 nmethod 1280 0x0000020d75817290 code [0x0000020d75817440, 0x0000020d758174d8]
Event: 8.088 Thread 0x0000020d09fbb800 1279       3       java.nio.ByteBuffer::arrayOffset (35 bytes)
Event: 8.089 Thread 0x0000020d09fbb800 nmethod 1279 0x0000020d6e4cb890 code [0x0000020d6e4cba60, 0x0000020d6e4cbd38]
Event: 8.089 Thread 0x0000020d09fbb800 1282       3       org.gradle.internal.logging.text.AbstractLineChoppingStyledTextOutput$StateContext::isCurrentCharEquals (70 bytes)
Event: 8.090 Thread 0x0000020d09fbb800 nmethod 1282 0x0000020d6e4cbe90 code [0x0000020d6e4cc0c0, 0x0000020d6e4cc7b8]
Event: 8.090 Thread 0x0000020d09fbb800 1283       3       org.gradle.internal.logging.text.AbstractLineChoppingStyledTextOutput$StateContext::hasChar (25 bytes)
Event: 8.091 Thread 0x0000020d09fbb800 nmethod 1283 0x0000020d6e4ccb10 code [0x0000020d6e4cccc0, 0x0000020d6e4cce58]
Event: 8.091 Thread 0x0000020d09fbb800 1281       1       org.gradle.internal.logging.text.AbstractLineChoppingStyledTextOutput$StateContext::access$500 (5 bytes)
Event: 8.091 Thread 0x0000020d09fbb800 nmethod 1281 0x0000020d75817590 code [0x0000020d75817740, 0x0000020d758177d8]
Event: 8.242 Thread 0x0000020d09fbb800 1284       3       java.nio.ByteBuffer::flip (7 bytes)
Event: 8.242 Thread 0x0000020d09f6d000 1286       4       java.util.ArrayList::add (25 bytes)
Event: 8.242 Thread 0x0000020d09fbb800 nmethod 1284 0x0000020d6e4ccf10 code [0x0000020d6e4cd0c0, 0x0000020d6e4cd238]
Event: 8.242 Thread 0x0000020d09fbb800 1285       3       java.nio.Buffer::flip (20 bytes)
Event: 8.242 Thread 0x0000020d09fbb800 nmethod 1285 0x0000020d6e4cd310 code [0x0000020d6e4cd4c0, 0x0000020d6e4cd5d8]

GC Heap History (2 events):
Event: 0.631 GC heap before
{Heap before GC invocations=0 (full 0):
 garbage-first heap   total 260096K, used 29696K [0x0000000702c00000, 0x0000000800000000)
  region size 1024K, 24 young (24576K), 0 survivors (0K)
 Metaspace       used 10646K, capacity 10848K, committed 11008K, reserved 1058816K
  class space    used 1081K, capacity 1166K, committed 1280K, reserved 1048576K
}
Event: 0.634 GC heap after
{Heap after GC invocations=1 (full 0):
 garbage-first heap   total 260096K, used 9334K [0x0000000702c00000, 0x0000000800000000)
  region size 1024K, 3 young (3072K), 3 survivors (3072K)
 Metaspace       used 10646K, capacity 10848K, committed 11008K, reserved 1058816K
  class space    used 1081K, capacity 1166K, committed 1280K, reserved 1048576K
}

Deoptimization events (20 events):
Event: 0.754 Thread 0x0000020d6a1b5800 DEOPT PACKING pc=0x0000020d6e30f6ff sp=0x0000009f4e8f9e30
Event: 0.754 Thread 0x0000020d6a1b5800 DEOPT UNPACKING pc=0x0000020d6dd1a95e sp=0x0000009f4e8f9280 mode 0
Event: 0.802 Thread 0x0000020d6a1b5800 Uncommon trap: trap_request=0xffffff4d fr.pc=0x0000020d757fc284 relative=0x00000000000001c4
Event: 0.802 Thread 0x0000020d6a1b5800 Uncommon trap: reason=unstable_if action=reinterpret pc=0x0000020d757fc284 method=java.util.HashMap.getNode(ILjava/lang/Object;)Ljava/util/HashMap$Node; @ 129 c2
Event: 0.802 Thread 0x0000020d6a1b5800 DEOPT PACKING pc=0x0000020d757fc284 sp=0x0000009f4e8fa7f0
Event: 0.802 Thread 0x0000020d6a1b5800 DEOPT UNPACKING pc=0x0000020d6dd1a1af sp=0x0000009f4e8fa6f0 mode 2
Event: 0.803 Thread 0x0000020d6a1b5800 DEOPT PACKING pc=0x0000020d6e38a0c0 sp=0x0000009f4e8f8ae0
Event: 0.803 Thread 0x0000020d6a1b5800 DEOPT UNPACKING pc=0x0000020d6dd1a95e sp=0x0000009f4e8f7ff8 mode 0
Event: 1.003 Thread 0x0000020d6a1b5800 Uncommon trap: trap_request=0xffffff4d fr.pc=0x0000020d757f81cc relative=0x0000000000001aec
Event: 1.003 Thread 0x0000020d6a1b5800 Uncommon trap: reason=unstable_if action=reinterpret pc=0x0000020d757f81cc method=java.io.WinNTFileSystem.normalize(Ljava/lang/String;)Ljava/lang/String; @ 128 c2
Event: 1.003 Thread 0x0000020d6a1b5800 DEOPT PACKING pc=0x0000020d757f81cc sp=0x0000009f4e8fa1b0
Event: 1.003 Thread 0x0000020d6a1b5800 DEOPT UNPACKING pc=0x0000020d6dd1a1af sp=0x0000009f4e8fa188 mode 2
Event: 1.299 Thread 0x0000020d6a1b5800 Uncommon trap: trap_request=0xffffff4d fr.pc=0x0000020d757d4224 relative=0x0000000000000564
Event: 1.299 Thread 0x0000020d6a1b5800 Uncommon trap: reason=unstable_if action=reinterpret pc=0x0000020d757d4224 method=java.lang.AbstractStringBuilder.append(Ljava/lang/String;)Ljava/lang/AbstractStringBuilder; @ 1 c2
Event: 1.299 Thread 0x0000020d6a1b5800 DEOPT PACKING pc=0x0000020d757d4224 sp=0x0000009f4e8fc790
Event: 1.299 Thread 0x0000020d6a1b5800 DEOPT UNPACKING pc=0x0000020d6dd1a1af sp=0x0000009f4e8fc710 mode 2
Event: 1.299 Thread 0x0000020d6a1b5800 Uncommon trap: trap_request=0xffffff4d fr.pc=0x0000020d757e6d78 relative=0x0000000000000538
Event: 1.299 Thread 0x0000020d6a1b5800 Uncommon trap: reason=unstable_if action=reinterpret pc=0x0000020d757e6d78 method=java.lang.AbstractStringBuilder.append(Ljava/lang/String;)Ljava/lang/AbstractStringBuilder; @ 1 c2
Event: 1.299 Thread 0x0000020d6a1b5800 DEOPT PACKING pc=0x0000020d757e6d78 sp=0x0000009f4e8fc730
Event: 1.299 Thread 0x0000020d6a1b5800 DEOPT UNPACKING pc=0x0000020d6dd1a1af sp=0x0000009f4e8fc718 mode 2

Classes redefined (0 events):
No events

Internal exceptions (14 events):
Event: 0.122 Thread 0x0000020d6a1b5800 Exception <a 'java/lang/NoSuchMethodError'{0x000000071289ece0}: 'int java.lang.invoke.DirectMethodHandle$Holder.invokeSpecialIFC(java.lang.Object, java.lang.Object, int)'> (0x000000071289ece0) thrown at [src/hotspot/share/interpreter/linkResolver.cpp, line 773]
Event: 0.182 Thread 0x0000020d6a1b5800 Exception <a 'java/lang/NoSuchMethodError'{0x000000071266aff8}: 'int java.lang.invoke.DirectMethodHandle$Holder.invokeStaticInit(java.lang.Object, java.lang.Object)'> (0x000000071266aff8) thrown at [src/hotspot/share/interpreter/linkResolver.cpp, line 773]
Event: 0.211 Thread 0x0000020d6a1b5800 Exception <a 'java/lang/NoSuchMethodError'{0x000000071253ab70}: 'int java.lang.invoke.DirectMethodHandle$Holder.invokeSpecial(java.lang.Object, java.lang.Object, java.lang.Object, java.lang.Object)'> (0x000000071253ab70) thrown at [src/hotspot/share/interpreter/linkResolver.cpp, line 773]
Event: 0.605 Thread 0x0000020d6a1b5800 Implicit null exception at 0x0000020d757e4075 to 0x0000020d757e425c
Event: 0.624 Thread 0x0000020d6a1b5800 Exception <a 'java/lang/NoClassDefFoundError'{0x000000071125d308}: org/slf4j/impl/StaticMarkerBinder> (0x000000071125d308) thrown at [src/hotspot/share/classfile/systemDictionary.cpp, line 219]
Event: 0.641 Thread 0x0000020d6a1b5800 Exception <a 'java/lang/NoSuchMethodError'{0x000000071295c790}: 'java.lang.Object java.lang.invoke.DirectMethodHandle$Holder.invokeVirtual(java.lang.Object, java.lang.Object, java.lang.Object, java.lang.Object, java.lang.Object, java.lang.Object, java.lang.Object)'> (0x000000071295c790) thrown at [src/hotspot/share/interpreter/linkResolver.cpp, line 773]
Event: 0.642 Thread 0x0000020d6a1b5800 Exception <a 'java/lang/NoSuchMethodError'{0x0000000712970998}: 'java.lang.Object java.lang.invoke.Invokers$Holder.invoker(java.lang.Object, java.lang.Object, java.lang.Object)'> (0x0000000712970998) thrown at [src/hotspot/share/interpreter/linkResolver.cpp, line 773]
Event: 0.644 Thread 0x0000020d6a1b5800 Exception <a 'java/lang/NoSuchMethodError'{0x0000000712801008}: 'void java.lang.invoke.DelegatingMethodHandle$Holder.delegate(java.lang.Object, java.lang.Object, int, java.lang.Object)'> (0x0000000712801008) thrown at [src/hotspot/share/interpreter/linkResolver.cpp, line 773]
Event: 0.709 Thread 0x0000020d6a1b5800 Exception <a 'java/lang/NoSuchMethodError'{0x0000000712254d68}: 'java.lang.Object java.lang.invoke.DirectMethodHandle$Holder.invokeInterface(java.lang.Object, java.lang.Object, java.lang.Object)'> (0x0000000712254d68) thrown at [src/hotspot/share/interpreter/linkResolver.cpp, line 773]
Event: 0.745 Thread 0x0000020d6a1b5800 Exception <a 'java/lang/NoSuchMethodError'{0x00000007120fc820}: 'java.lang.Object java.lang.invoke.DirectMethodHandle$Holder.invokeStaticInit(java.lang.Object, java.lang.Object, java.lang.Object)'> (0x00000007120fc820) thrown at [src/hotspot/share/interpreter/linkResolver.cpp, line 773]
Event: 0.815 Thread 0x0000020d6a1b5800 Exception <a 'java/lang/NoSuchMethodError'{0x0000000711beaa88}: 'java.lang.Object java.lang.invoke.DirectMethodHandle$Holder.invokeStaticInit(java.lang.Object, int, int, int, int)'> (0x0000000711beaa88) thrown at [src/hotspot/share/interpreter/linkResolver.cpp, line 773]
Event: 1.013 Thread 0x0000020d6a1b5800 Exception <a 'java/lang/NoSuchMethodError'{0x0000000711ac1ed0}: 'java.lang.Object java.lang.invoke.DirectMethodHandle$Holder.invokeStaticInit(java.lang.Object, java.lang.Object, int, int, int, int)'> (0x0000000711ac1ed0) thrown at [src/hotspot/share/interpreter/linkResolver.cpp, line 773]
Event: 1.299 Thread 0x0000020d6a1b5800 Implicit null exception at 0x0000020d757d3cf4 to 0x0000020d757d420c
Event: 1.299 Thread 0x0000020d6a1b5800 Implicit null exception at 0x0000020d757e6874 to 0x0000020d757e6d60

Events (20 events):
Event: 1.543 loading class jdk/internal/reflect/Label
Event: 1.543 loading class jdk/internal/reflect/Label done
Event: 1.543 loading class jdk/internal/reflect/Label$PatchInfo
Event: 1.543 loading class jdk/internal/reflect/Label$PatchInfo done
Event: 1.544 loading class jdk/internal/reflect/MethodAccessorGenerator$1
Event: 1.544 loading class jdk/internal/reflect/MethodAccessorGenerator$1 done
Event: 1.544 loading class jdk/internal/reflect/ClassDefiner
Event: 1.544 loading class jdk/internal/reflect/ClassDefiner done
Event: 1.544 loading class jdk/internal/reflect/ClassDefiner$1
Event: 1.544 loading class jdk/internal/reflect/ClassDefiner$1 done
Event: 7.975 loading class com/google/common/collect/CollectPreconditions
Event: 7.975 loading class com/google/common/collect/CollectPreconditions done
Event: 8.023 loading class org/gradle/internal/logging/events/StyledTextOutputEvent$Span
Event: 8.023 loading class org/gradle/internal/logging/events/StyledTextOutputEvent$Span done
Event: 8.023 loading class org/gradle/internal/logging/events/operations/StyledTextBuildOperationProgressDetails$Span
Event: 8.023 loading class org/gradle/internal/logging/events/operations/StyledTextBuildOperationProgressDetails$Span done
Event: 8.023 loading class org/gradle/internal/operations/logging/StyledTextBuildOperationProgressDetails$Span
Event: 8.023 loading class org/gradle/internal/operations/logging/StyledTextBuildOperationProgressDetails$Span done
Event: 8.085 loading class org/gradle/internal/logging/text/AbstractLineChoppingStyledTextOutput$StateContext
Event: 8.085 loading class org/gradle/internal/logging/text/AbstractLineChoppingStyledTextOutput$StateContext done


Dynamic libraries:
0x00007ff6e1e40000 - 0x00007ff6e1e4a000 	C:\Program Files\Android\Android Studio\jbr\bin\java.exe
0x00007ffb478f0000 - 0x00007ffb47b07000 	C:\WINDOWS\SYSTEM32\ntdll.dll
0x00007ffb46470000 - 0x00007ffb46534000 	C:\WINDOWS\System32\KERNEL32.DLL
0x00007ffb44f20000 - 0x00007ffb452c6000 	C:\WINDOWS\System32\KERNELBASE.dll
0x00007ffb44c70000 - 0x00007ffb44d81000 	C:\WINDOWS\System32\ucrtbase.dll
0x00007ffb017e0000 - 0x00007ffb017fb000 	C:\Program Files\Android\Android Studio\jbr\bin\VCRUNTIME140.dll
0x00007ffb0bf00000 - 0x00007ffb0bf17000 	C:\Program Files\Android\Android Studio\jbr\bin\jli.dll
0x00007ffb470b0000 - 0x00007ffb4725d000 	C:\WINDOWS\System32\USER32.dll
0x00007ffb44d90000 - 0x00007ffb44db6000 	C:\WINDOWS\System32\win32u.dll
0x00007ffb27390000 - 0x00007ffb27623000 	C:\WINDOWS\WinSxS\amd64_microsoft.windows.common-controls_6595b64144ccf1df_6.0.22621.2361_none_2712ced57382f843\COMCTL32.dll
0x00007ffb45b80000 - 0x00007ffb45ba9000 	C:\WINDOWS\System32\GDI32.dll
0x00007ffb46dc0000 - 0x00007ffb46e67000 	C:\WINDOWS\System32\msvcrt.dll
0x00007ffb454b0000 - 0x00007ffb455c8000 	C:\WINDOWS\System32\gdi32full.dll
0x00007ffb44dc0000 - 0x00007ffb44e5a000 	C:\WINDOWS\System32\msvcp_win.dll
0x00007ffb45860000 - 0x00007ffb45891000 	C:\WINDOWS\System32\IMM32.DLL
0x00007ffac2570000 - 0x00007ffac25fd000 	C:\Program Files\Android\Android Studio\jbr\bin\msvcp140.dll
0x00007ffb31130000 - 0x00007ffb3113c000 	C:\WINDOWS\SYSTEM32\VCRUNTIME140_1.dll
0x00007ffab9380000 - 0x00007ffab9f3c000 	C:\Program Files\Android\Android Studio\jbr\bin\server\jvm.dll
0x00007ffb45930000 - 0x00007ffb459e0000 	C:\WINDOWS\System32\ADVAPI32.dll
0x00007ffb46d10000 - 0x00007ffb46db6000 	C:\WINDOWS\System32\sechost.dll
0x00007ffb46e80000 - 0x00007ffb46f97000 	C:\WINDOWS\System32\RPCRT4.dll
0x00007ffb45920000 - 0x00007ffb45928000 	C:\WINDOWS\System32\PSAPI.DLL
0x00007ffb2c1f0000 - 0x00007ffb2c1f9000 	C:\WINDOWS\SYSTEM32\WSOCK32.dll
0x00007ffb31f20000 - 0x00007ffb31f54000 	C:\WINDOWS\SYSTEM32\WINMM.dll
0x00007ffb3df20000 - 0x00007ffb3df2a000 	C:\WINDOWS\SYSTEM32\VERSION.dll
0x00007ffb45650000 - 0x00007ffb456c1000 	C:\WINDOWS\System32\WS2_32.dll
0x00007ffb43d00000 - 0x00007ffb43d18000 	C:\WINDOWS\SYSTEM32\kernel.appcore.dll
0x00007ffb0ead0000 - 0x00007ffb0eae0000 	C:\Program Files\Android\Android Studio\jbr\bin\verify.dll
0x00007ffb303b0000 - 0x00007ffb305de000 	C:\WINDOWS\SYSTEM32\DBGHELP.DLL
0x00007ffb47360000 - 0x00007ffb476ea000 	C:\WINDOWS\System32\combase.dll
0x00007ffb45780000 - 0x00007ffb45857000 	C:\WINDOWS\System32\OLEAUT32.dll
0x00007ffb2cf10000 - 0x00007ffb2cf42000 	C:\WINDOWS\SYSTEM32\dbgcore.DLL
0x00007ffb455d0000 - 0x00007ffb4564a000 	C:\WINDOWS\System32\bcryptPrimitives.dll
0x00007ffaca510000 - 0x00007ffaca538000 	C:\Program Files\Android\Android Studio\jbr\bin\java.dll
0x00007ffb0b8c0000 - 0x00007ffb0b8ca000 	C:\Program Files\Android\Android Studio\jbr\bin\jimage.dll
0x00007ffafbfb0000 - 0x00007ffafbfc8000 	C:\Program Files\Android\Android Studio\jbr\bin\zip.dll
0x00007ffb45bb0000 - 0x00007ffb46408000 	C:\WINDOWS\System32\SHELL32.dll
0x00007ffb42b90000 - 0x00007ffb43482000 	C:\WINDOWS\SYSTEM32\windows.storage.dll
0x00007ffb42a50000 - 0x00007ffb42b8e000 	C:\WINDOWS\SYSTEM32\wintypes.dll
0x00007ffb47260000 - 0x00007ffb47353000 	C:\WINDOWS\System32\SHCORE.dll
0x00007ffb45a00000 - 0x00007ffb45a5e000 	C:\WINDOWS\System32\shlwapi.dll
0x00007ffb44ba0000 - 0x00007ffb44bc6000 	C:\WINDOWS\SYSTEM32\profapi.dll
0x00007ffaf5930000 - 0x00007ffaf5949000 	C:\Program Files\Android\Android Studio\jbr\bin\net.dll
0x00007ffb3e660000 - 0x00007ffb3e797000 	C:\WINDOWS\SYSTEM32\WINHTTP.dll
0x00007ffb441d0000 - 0x00007ffb44239000 	C:\WINDOWS\system32\mswsock.dll
0x00007ffaf3ad0000 - 0x00007ffaf3ae3000 	C:\Program Files\Android\Android Studio\jbr\bin\nio.dll
0x00007ffb07510000 - 0x00007ffb07537000 	C:\Users\INTEL\.gradle\native\e1d6ef7f7dcc3fd88c89a11ec53ec762bb8ba0a96d01ffa2cd45eb1d1d8dd5c5\windows-amd64\native-platform.dll
0x00007ffb09860000 - 0x00007ffb0986a000 	C:\Program Files\Android\Android Studio\jbr\bin\management.dll
0x00007ffb09170000 - 0x00007ffb0917b000 	C:\Program Files\Android\Android Studio\jbr\bin\management_ext.dll
0x00007ffb44420000 - 0x00007ffb4443b000 	C:\WINDOWS\SYSTEM32\CRYPTSP.dll
0x00007ffb43cc0000 - 0x00007ffb43cf5000 	C:\WINDOWS\system32\rsaenh.dll
0x00007ffb44280000 - 0x00007ffb442ac000 	C:\WINDOWS\SYSTEM32\USERENV.dll
0x00007ffb44610000 - 0x00007ffb44638000 	C:\WINDOWS\SYSTEM32\bcrypt.dll
0x00007ffb443e0000 - 0x00007ffb443ec000 	C:\WINDOWS\SYSTEM32\CRYPTBASE.dll
0x00007ffb43760000 - 0x00007ffb4378d000 	C:\WINDOWS\SYSTEM32\IPHLPAPI.DLL
0x00007ffb46e70000 - 0x00007ffb46e79000 	C:\WINDOWS\System32\NSI.dll
0x00007ffb3e460000 - 0x00007ffb3e479000 	C:\WINDOWS\SYSTEM32\dhcpcsvc6.DLL
0x00007ffb3e440000 - 0x00007ffb3e45f000 	C:\WINDOWS\SYSTEM32\dhcpcsvc.DLL
0x00007ffb437d0000 - 0x00007ffb438c9000 	C:\WINDOWS\SYSTEM32\DNSAPI.dll

dbghelp: loaded successfully - version: 4.0.5 - missing functions: none
symbol engine: initialized successfully - sym options: 0x614 - pdb path: .;C:\Program Files\Android\Android Studio\jbr\bin;C:\WINDOWS\SYSTEM32;C:\WINDOWS\WinSxS\amd64_microsoft.windows.common-controls_6595b64144ccf1df_6.0.22621.2361_none_2712ced57382f843;C:\Program Files\Android\Android Studio\jbr\bin\server;C:\Users\INTEL\.gradle\native\e1d6ef7f7dcc3fd88c89a11ec53ec762bb8ba0a96d01ffa2cd45eb1d1d8dd5c5\windows-amd64

VM Arguments:
jvm_args: -Dorg.gradle.appname=gradlew 
java_command: org.gradle.wrapper.GradleWrapperMain -q -Ptarget-platform=android-x86 -Ptarget=D:\Flutter-Firebase-Series-main\lib\main.dart -Pbase-application-name=android.app.Application -Pdart-defines=RkxVVFRFUl9XRUJfQVVUT19ERVRFQ1Q9dHJ1ZQ==,RkxVVFRFUl9XRUJfQ0FOVkFTS0lUX1VSTD1odHRwczovL3d3dy5nc3RhdGljLmNvbS9mbHV0dGVyLWNhbnZhc2tpdC83NjdkOGM3NWU4OTgwOTFiOTI1NTE5ODAzODMwZmMyNzIxNjU4ZDA3Lw== -Pdart-obfuscation=false -Ptrack-widget-creation=true -Ptree-shake-icons=false -Pfilesystem-scheme=org-dartlang-root assembleDebug
java_class_path (initial): D:\Flutter-Firebase-Series-main\android\\gradle\wrapper\gradle-wrapper.jar
Launcher Type: SUN_STANDARD

[Global flags]
     intx CICompilerCount                          = 4                                         {product} {ergonomic}
     uint ConcGCThreads                            = 3                                         {product} {ergonomic}
     uint G1ConcRefinementThreads                  = 10                                        {product} {ergonomic}
   size_t G1HeapRegionSize                         = 1048576                                   {product} {ergonomic}
    uintx GCDrainStackTargetSize                   = 64                                        {product} {ergonomic}
   size_t InitialHeapSize                          = 266338304                                 {product} {ergonomic}
   size_t MarkStackSize                            = 4194304                                   {product} {ergonomic}
   size_t MaxHeapSize                              = 4248829952                                {product} {ergonomic}
   size_t MaxNewSize                               = 2549088256                                {product} {ergonomic}
   size_t MinHeapDeltaBytes                        = 1048576                                   {product} {ergonomic}
    uintx NonNMethodCodeHeapSize                   = 5836300                                {pd product} {ergonomic}
    uintx NonProfiledCodeHeapSize                  = 122910970                              {pd product} {ergonomic}
    uintx ProfiledCodeHeapSize                     = 122910970                              {pd product} {ergonomic}
    uintx ReservedCodeCacheSize                    = 251658240                              {pd product} {ergonomic}
     bool SegmentedCodeCache                       = true                                      {product} {ergonomic}
     bool UseCompressedClassPointers               = true                                 {lp64_product} {ergonomic}
     bool UseCompressedOops                        = true                                 {lp64_product} {ergonomic}
     bool UseG1GC                                  = true                                      {product} {ergonomic}
     bool UseLargePagesIndividualAllocation        = false                                  {pd product} {ergonomic}

Logging:
Log output configuration:
 #0: stdout all=warning uptime,level,tags
 #1: stderr all=off uptime,level,tags

Environment Variables:
JAVA_HOME=C:\Program Files\Android\Android Studio\jbr
CLASSPATH=D:\Flutter-Firebase-Series-main\android\\gradle\wrapper\gradle-wrapper.jar
PATH=C:\Program Files\Android\Android Studio\jbr\bin;C:\Program Files (x86)\VMware\VMware Player\bin\;C:\Program Files\Common Files\Oracle\Java\javapath;C:\Program Files (x86)\Common Files\Intel\Shared Libraries\redist\intel64\compiler;C:\ProgramData\Oracle\Java\javapath;C:\Windows\system32;C:\Windows;C:\Windows\System32\Wbem;C:\Windows\System32\WindowsPowerShell\v1.0\;C:\Windows\System32\OpenSSH\;C:\Program Files (x86)\NVIDIA Corporation\PhysX\Common;C:\Program Files\NVIDIA Corporation\NVIDIA NvDLISR;C:\WINDOWS\system32;C:\WINDOWS;C:\WINDOWS\System32\Wbem;C:\WINDOWS\System32\WindowsPowerShell\v1.0\;C:\WINDOWS\System32\OpenSSH\;C:\Program Files\Microsoft SQL Server\150\Tools\Binn\;C:\Program Files (x86)\Calibre2\;C:\Program Files\Microsoft SQL Server\Client SDK\ODBC\170\Tools\Binn\;C:\Program Files (x86)\Microsoft SQL Server\150\Tools\Binn\;C:\Program Files\Microsoft SQL Server\150\DTS\Binn\;C:\Program Files (x86)\Microsoft SQL Server\150\DTS\Binn\;C:\Program Files\Azure Data Studio\bin;C:\Program Files\PuTTY\;C:\WINDOWS\system32;C:\WINDOWS;C:\WINDOWS\System32\Wbem;C:\WINDOWS\System32\WindowsPowerShell\v1.0\;C:\WINDOWS\System32\OpenSSH\;C:\Program Files\nodejs\;C:\Program Files\Git\cmd;C:\Users\INTEL\AppData\Local\Pub\Cache\bin;C:\Program Files\dotnet\;C:\src\flutter\bin;C:\Users\INTEL\AppData\Local\Programs\Python\Python310\Scripts\;C:\Users\INTEL\AppData\Local\Programs\Python\Python310\;C:\Users\INTEL\AppData\Local\Microsoft\WindowsApps;D:\Microsoft VS Code\bin;C:\Program Files\Azure Data Studio\bin;D:\xampp\php;C:\Users\INTEL\AppData\Local\ComposerSetup\bin;C:\Users\INTEL\AppData\Roaming\Composer\vendor\bin;C:\Users\INTEL\AppData\Roaming\npm;C:\Users\INTEL\AppData\Local\Pub\Cache\bin;;C:\src\flutter\bin\mingit\cmd;C:\src\flutter\bin\mingit\cmd
USERNAME=INTEL
OS=Windows_NT
PROCESSOR_IDENTIFIER=Intel64 Family 6 Model 165 Stepping 2, GenuineIntel



---------------  S Y S T E M  ---------------

OS: Windows 11 , 64 bit Build 22621 (10.0.22621.2428)
OS uptime: 6 days 17:34 hours
Hyper-V role detected

CPU:total 12 (initial active 12) (6 cores per cpu, 2 threads per core) family 6 model 165 stepping 2 microcode 0xe2, cmov, cx8, fxsr, mmx, sse, sse2, sse3, ssse3, sse4.1, sse4.2, popcnt, avx, avx2, aes, clmul, erms, 3dnowpref, lzcnt, ht, tsc, tscinvbit, bmi1, bmi2, adx, fma

Memory: 4k page, system-wide physical 16205M (624M free)
TotalPageFile size 26445M (AvailPageFile size 5M)
current process WorkingSet (physical memory assigned to process): 103M, peak: 108M
current process commit charge ("private bytes"): 365M, peak: 368M

vm_info: OpenJDK 64-Bit Server VM (11.0.15+0-b2043.56-8887301) for windows-amd64 JRE (11.0.15+0-b2043.56-8887301), built on Jul 29 2022 23:19:47 by "builduser" with unknown MS VC++:1929

END.
